   1               		.file	"error_type.c"
   2               		.arch atmega128
   3               	__SREG__ = 0x3f
   4               	__SP_H__ = 0x3e
   5               	__SP_L__ = 0x3d
   6               	__tmp_reg__ = 0
   7               	__zero_reg__ = 1
   8               		.global __do_copy_data
   9               		.global __do_clear_bss
  12               		.text
  13               	.Ltext0:
 105               	.global	error_v
 107               	error_v:
   1:/Users/Administrator/sos-2x/kernel/error_type.c **** #include <error_type.h>
   2:/Users/Administrator/sos-2x/kernel/error_type.c **** #include <sos_types.h>
   3:/Users/Administrator/sos-2x/kernel/error_type.c **** 
   4:/Users/Administrator/sos-2x/kernel/error_type.c **** //----------------------------------------------------------------------------
   5:/Users/Administrator/sos-2x/kernel/error_type.c **** // DEBUG
   6:/Users/Administrator/sos-2x/kernel/error_type.c **** #ifdef DBGMODE
   7:/Users/Administrator/sos-2x/kernel/error_type.c **** #include <stdio.h>
   8:/Users/Administrator/sos-2x/kernel/error_type.c **** #define DEBUG(arg...) printf(arg)
   9:/Users/Administrator/sos-2x/kernel/error_type.c **** #else
  10:/Users/Administrator/sos-2x/kernel/error_type.c **** #define DEBUG(arg...)
  11:/Users/Administrator/sos-2x/kernel/error_type.c **** #endif
  12:/Users/Administrator/sos-2x/kernel/error_type.c **** 
  13:/Users/Administrator/sos-2x/kernel/error_type.c **** 
  14:/Users/Administrator/sos-2x/kernel/error_type.c **** /**
  15:/Users/Administrator/sos-2x/kernel/error_type.c ****  * @brief error stub for function subscriber
  16:/Users/Administrator/sos-2x/kernel/error_type.c ****  */
  17:/Users/Administrator/sos-2x/kernel/error_type.c **** void error_v(func_cb_ptr p) 
  18:/Users/Administrator/sos-2x/kernel/error_type.c **** {
 109               	.LM1:
 110               	/* prologue: frame size=0 */
 111               	/* prologue end (size=0) */
 112               	/* epilogue: frame size=0 */
 113 0000 0895      		ret
 114               	/* epilogue end (size=1) */
 115               	/* function error_v size 1 (0) */
 117               	.Lscope0:
 121               	.global	error_8
 123               	error_8:
  19:/Users/Administrator/sos-2x/kernel/error_type.c **** 	DEBUG("error_v is called\n");
  20:/Users/Administrator/sos-2x/kernel/error_type.c **** }
  21:/Users/Administrator/sos-2x/kernel/error_type.c **** 
  22:/Users/Administrator/sos-2x/kernel/error_type.c **** int8_t error_8(func_cb_ptr p) 
  23:/Users/Administrator/sos-2x/kernel/error_type.c **** {
 125               	.LM2:
 126               	/* prologue: frame size=0 */
 127               	/* prologue end (size=0) */
  24:/Users/Administrator/sos-2x/kernel/error_type.c **** 	DEBUG("error_8 is called\n");
  25:/Users/Administrator/sos-2x/kernel/error_type.c **** 	return -1;
  26:/Users/Administrator/sos-2x/kernel/error_type.c **** }	
 129               	.LM3:
 130 0002 8FEF      		ldi r24,lo8(-1)
 131 0004 9FEF      		ldi r25,hi8(-1)
 132               	/* epilogue: frame size=0 */
 133 0006 0895      		ret
 134               	/* epilogue end (size=1) */
 135               	/* function error_8 size 3 (2) */
 137               	.Lscope1:
 141               	.global	error_16
 143               	error_16:
  27:/Users/Administrator/sos-2x/kernel/error_type.c **** 
  28:/Users/Administrator/sos-2x/kernel/error_type.c **** int16_t error_16(func_cb_ptr p)
  29:/Users/Administrator/sos-2x/kernel/error_type.c **** {
 145               	.LM4:
 146               	/* prologue: frame size=0 */
 147               	/* prologue end (size=0) */
  30:/Users/Administrator/sos-2x/kernel/error_type.c **** 	DEBUG("error_16 is called\n");
  31:/Users/Administrator/sos-2x/kernel/error_type.c **** 	return -1;
  32:/Users/Administrator/sos-2x/kernel/error_type.c **** }
 149               	.LM5:
 150 0008 8FEF      		ldi r24,lo8(-1)
 151 000a 9FEF      		ldi r25,hi8(-1)
 152               	/* epilogue: frame size=0 */
 153 000c 0895      		ret
 154               	/* epilogue end (size=1) */
 155               	/* function error_16 size 3 (2) */
 157               	.Lscope2:
 161               	.global	error_32
 163               	error_32:
  33:/Users/Administrator/sos-2x/kernel/error_type.c **** 
  34:/Users/Administrator/sos-2x/kernel/error_type.c **** int32_t error_32(func_cb_ptr p)
  35:/Users/Administrator/sos-2x/kernel/error_type.c **** {
 165               	.LM6:
 166               	/* prologue: frame size=0 */
 167               	/* prologue end (size=0) */
  36:/Users/Administrator/sos-2x/kernel/error_type.c **** 	DEBUG("error_32 is called\n");
  37:/Users/Administrator/sos-2x/kernel/error_type.c **** 	return -1;
  38:/Users/Administrator/sos-2x/kernel/error_type.c **** }	
 169               	.LM7:
 170 000e 6FEF      		ldi r22,lo8(-1)
 171 0010 7FEF      		ldi r23,hi8(-1)
 172 0012 8FEF      		ldi r24,hlo8(-1)
 173 0014 9FEF      		ldi r25,hhi8(-1)
 174               	/* epilogue: frame size=0 */
 175 0016 0895      		ret
 176               	/* epilogue end (size=1) */
 177               	/* function error_32 size 5 (4) */
 179               	.Lscope3:
 183               	.global	error_ptr
 185               	error_ptr:
  39:/Users/Administrator/sos-2x/kernel/error_type.c **** 
  40:/Users/Administrator/sos-2x/kernel/error_type.c **** void* error_ptr(func_cb_ptr p)
  41:/Users/Administrator/sos-2x/kernel/error_type.c **** {
 187               	.LM8:
 188               	/* prologue: frame size=0 */
 189               	/* prologue end (size=0) */
  42:/Users/Administrator/sos-2x/kernel/error_type.c **** 	DEBUG("error_ptr is called\n");
  43:/Users/Administrator/sos-2x/kernel/error_type.c **** 	return NULL;
  44:/Users/Administrator/sos-2x/kernel/error_type.c **** }
 191               	.LM9:
 192 0018 80E0      		ldi r24,lo8(0)
 193 001a 90E0      		ldi r25,hi8(0)
 194               	/* epilogue: frame size=0 */
 195 001c 0895      		ret
 196               	/* epilogue end (size=1) */
 197               	/* function error_ptr size 3 (2) */
 199               	.Lscope4:
 201               		.text
 203               	Letext:
 204               	/* File "/Users/Administrator/sos-2x/kernel/error_type.c": code   15 = 0x000f (  10), prologues   0
DEFINED SYMBOLS
                            *ABS*:00000000 error_type.c
                            *ABS*:0000003f __SREG__
                            *ABS*:0000003e __SP_H__
                            *ABS*:0000003d __SP_L__
                            *ABS*:00000000 __tmp_reg__
                            *ABS*:00000001 __zero_reg__
/var/tmp//ccry9baG.s:107    .text:00000000 error_v
/var/tmp//ccry9baG.s:123    .text:00000002 error_8
/var/tmp//ccry9baG.s:143    .text:00000008 error_16
/var/tmp//ccry9baG.s:163    .text:0000000e error_32
/var/tmp//ccry9baG.s:185    .text:00000018 error_ptr
/var/tmp//ccry9baG.s:203    .text:0000001e Letext

UNDEFINED SYMBOLS
__do_copy_data
__do_clear_bss
