   1               		.file	"sensor_system.c"
   2               		.arch atmega128
   3               	__SREG__ = 0x3f
   4               	__SP_H__ = 0x3e
   5               	__SP_L__ = 0x3d
   6               	__tmp_reg__ = 0
   7               	__zero_reg__ = 1
   8               		.global __do_copy_data
   9               		.global __do_clear_bss
  12               		.text
  13               	.Ltext0:
 211               		.section	.progmem.data,"a",@progbits
 214               	mod_header:
 215 0000 0000      		.word	0
 216 0002 06        		.byte	6
 217 0003 00        		.skip 1,0
 218 0004 08        		.byte	8
 219 0005 00        		.byte	0
 220 0006 0000 0000 		.skip 8,0
 220      0000 0000 
 221 000e 0000      		.word	pm(sensor_handler)
 222 0010 0000      		.word	pm(error_8)
 223 0012 6343 7732 		.ascii	"cCw2"
 224 0016 FF        		.byte	-1
 225 0017 FF        		.byte	-1
 226 0018 0000      		.word	pm(error_8)
 227 001a 6343 7732 		.ascii	"cCw2"
 228 001e FF        		.byte	-1
 229 001f FF        		.byte	-1
 230 0020 0000      		.word	pm(error_8)
 231 0022 6343 7732 		.ascii	"cCw2"
 232 0026 FF        		.byte	-1
 233 0027 FF        		.byte	-1
 234 0028 0000      		.word	pm(error_8)
 235 002a 6343 7732 		.ascii	"cCw2"
 236 002e FF        		.byte	-1
 237 002f FF        		.byte	-1
 238 0030 0000      		.word	pm(error_8)
 239 0032 6343 7732 		.ascii	"cCw2"
 240 0036 FF        		.byte	-1
 241 0037 FF        		.byte	-1
 242 0038 0000      		.word	pm(error_8)
 243 003a 6343 7732 		.ascii	"cCw2"
 244 003e FF        		.byte	-1
 245 003f FF        		.byte	-1
 246 0040 0000      		.word	pm(error_8)
 247 0042 6343 7732 		.ascii	"cCw2"
 248 0046 FF        		.byte	-1
 249 0047 FF        		.byte	-1
 250 0048 0000      		.word	pm(error_8)
 251 004a 6343 7732 		.ascii	"cCw2"
 252 004e FF        		.byte	-1
 253 004f FF        		.byte	-1
 254               		.text
 259               	sensor_handler:
   1:/Users/Administrator/sos-2x/kernel/sensor_system.c **** /* -*- Mode: C; tab-width:2 -*- */
   2:/Users/Administrator/sos-2x/kernel/sensor_system.c **** /* ex: set ts=2 shiftwidth=2 softtabstop=2 cindent: */
   3:/Users/Administrator/sos-2x/kernel/sensor_system.c **** 
   4:/Users/Administrator/sos-2x/kernel/sensor_system.c **** #include <sos.h>
   5:/Users/Administrator/sos-2x/kernel/sensor_system.c **** #include <sensor_private.h>
   6:/Users/Administrator/sos-2x/kernel/sensor_system.c **** #ifdef SOS_USE_PREEMPTION
   7:/Users/Administrator/sos-2x/kernel/sensor_system.c **** #include <priority.h>
   8:/Users/Administrator/sos-2x/kernel/sensor_system.c **** #endif
   9:/Users/Administrator/sos-2x/kernel/sensor_system.c **** 
  10:/Users/Administrator/sos-2x/kernel/sensor_system.c **** #ifndef SOS_DEBUG_SENSOR_API
  11:/Users/Administrator/sos-2x/kernel/sensor_system.c **** #undef DEBUG
  12:/Users/Administrator/sos-2x/kernel/sensor_system.c **** #define DEBUG(...)
  13:/Users/Administrator/sos-2x/kernel/sensor_system.c **** #endif
  14:/Users/Administrator/sos-2x/kernel/sensor_system.c **** 
  15:/Users/Administrator/sos-2x/kernel/sensor_system.c **** 
  16:/Users/Administrator/sos-2x/kernel/sensor_system.c **** typedef struct {
  17:/Users/Administrator/sos-2x/kernel/sensor_system.c **** 	sos_pid_t driver_id[MAX_NUM_SENSORS];		//! Process id of the sensor driver
  18:/Users/Administrator/sos-2x/kernel/sensor_system.c **** } sensor_state_t;
  19:/Users/Administrator/sos-2x/kernel/sensor_system.c **** 
  20:/Users/Administrator/sos-2x/kernel/sensor_system.c **** static sensor_state_t s;
  21:/Users/Administrator/sos-2x/kernel/sensor_system.c **** 
  22:/Users/Administrator/sos-2x/kernel/sensor_system.c **** // need to be declared seperatly because of how SOS does function mapping
  23:/Users/Administrator/sos-2x/kernel/sensor_system.c **** #ifdef SOS_USE_PREEMPTION
  24:/Users/Administrator/sos-2x/kernel/sensor_system.c **** static func_cb_ptr *sensor_func_ptr;
  25:/Users/Administrator/sos-2x/kernel/sensor_system.c **** #else
  26:/Users/Administrator/sos-2x/kernel/sensor_system.c **** static func_cb_ptr sensor_func_ptr[MAX_NUM_SENSORS];
  27:/Users/Administrator/sos-2x/kernel/sensor_system.c **** #endif
  28:/Users/Administrator/sos-2x/kernel/sensor_system.c **** 
  29:/Users/Administrator/sos-2x/kernel/sensor_system.c **** static int8_t sensor_handler(void *state, Message *msg);
  30:/Users/Administrator/sos-2x/kernel/sensor_system.c **** 
  31:/Users/Administrator/sos-2x/kernel/sensor_system.c **** #ifndef SOS_USE_PREEMPTION
  32:/Users/Administrator/sos-2x/kernel/sensor_system.c **** static sos_module_t sensor_module;
  33:/Users/Administrator/sos-2x/kernel/sensor_system.c **** #endif
  34:/Users/Administrator/sos-2x/kernel/sensor_system.c **** 
  35:/Users/Administrator/sos-2x/kernel/sensor_system.c **** static mod_header_t mod_header SOS_MODULE_HEADER =
  36:/Users/Administrator/sos-2x/kernel/sensor_system.c **** {
  37:/Users/Administrator/sos-2x/kernel/sensor_system.c **** 	mod_id : KER_SENSOR_PID,
  38:/Users/Administrator/sos-2x/kernel/sensor_system.c **** #ifdef SOS_USE_PREEMPTION
  39:/Users/Administrator/sos-2x/kernel/sensor_system.c **** 	state_size : sizeof(func_cb_ptr) * MAX_NUM_SENSORS,
  40:/Users/Administrator/sos-2x/kernel/sensor_system.c **** #else
  41:/Users/Administrator/sos-2x/kernel/sensor_system.c **** 	state_size : 0,
  42:/Users/Administrator/sos-2x/kernel/sensor_system.c **** #endif
  43:/Users/Administrator/sos-2x/kernel/sensor_system.c **** 	num_prov_func : 0,
  44:/Users/Administrator/sos-2x/kernel/sensor_system.c **** 	num_sub_func : MAX_NUM_SENSORS,
  45:/Users/Administrator/sos-2x/kernel/sensor_system.c **** 	module_handler: sensor_handler,
  46:/Users/Administrator/sos-2x/kernel/sensor_system.c **** 	funct : {
  47:/Users/Administrator/sos-2x/kernel/sensor_system.c **** 		// sensor 0
  48:/Users/Administrator/sos-2x/kernel/sensor_system.c **** 		{error_8, "cCw2", RUNTIME_PID, RUNTIME_FID},
  49:/Users/Administrator/sos-2x/kernel/sensor_system.c **** 		// sensor 1
  50:/Users/Administrator/sos-2x/kernel/sensor_system.c **** 		{error_8, "cCw2", RUNTIME_PID, RUNTIME_FID},
  51:/Users/Administrator/sos-2x/kernel/sensor_system.c **** 		// sensor 2
  52:/Users/Administrator/sos-2x/kernel/sensor_system.c **** 		{error_8, "cCw2", RUNTIME_PID, RUNTIME_FID},
  53:/Users/Administrator/sos-2x/kernel/sensor_system.c **** 		// sensor 3
  54:/Users/Administrator/sos-2x/kernel/sensor_system.c **** 		{error_8, "cCw2", RUNTIME_PID, RUNTIME_FID},
  55:/Users/Administrator/sos-2x/kernel/sensor_system.c **** 		// sensor 4
  56:/Users/Administrator/sos-2x/kernel/sensor_system.c **** 		{error_8, "cCw2", RUNTIME_PID, RUNTIME_FID},
  57:/Users/Administrator/sos-2x/kernel/sensor_system.c **** 		// sensor 5
  58:/Users/Administrator/sos-2x/kernel/sensor_system.c **** 		{error_8, "cCw2", RUNTIME_PID, RUNTIME_FID},
  59:/Users/Administrator/sos-2x/kernel/sensor_system.c **** 		// sensor 6
  60:/Users/Administrator/sos-2x/kernel/sensor_system.c **** 		{error_8, "cCw2", RUNTIME_PID, RUNTIME_FID},
  61:/Users/Administrator/sos-2x/kernel/sensor_system.c **** 		// sensor 7
  62:/Users/Administrator/sos-2x/kernel/sensor_system.c **** 		{error_8, "cCw2", RUNTIME_PID, RUNTIME_FID},
  63:/Users/Administrator/sos-2x/kernel/sensor_system.c **** 	},
  64:/Users/Administrator/sos-2x/kernel/sensor_system.c **** };
  65:/Users/Administrator/sos-2x/kernel/sensor_system.c **** 
  66:/Users/Administrator/sos-2x/kernel/sensor_system.c **** 
  67:/Users/Administrator/sos-2x/kernel/sensor_system.c **** static int8_t sensor_handler(void *state, Message *msg)
  68:/Users/Administrator/sos-2x/kernel/sensor_system.c **** {
 261               	.LM1:
 262               	/* prologue: frame size=0 */
 263               	/* prologue end (size=0) */
  69:/Users/Administrator/sos-2x/kernel/sensor_system.c **** 	return -EINVAL;
  70:/Users/Administrator/sos-2x/kernel/sensor_system.c **** }
 265               	.LM2:
 266 0000 8AEE      		ldi r24,lo8(-22)
 267 0002 9FEF      		ldi r25,hi8(-22)
 268               	/* epilogue: frame size=0 */
 269 0004 0895      		ret
 270               	/* epilogue end (size=1) */
 271               	/* function sensor_handler size 3 (2) */
 273               	.Lscope0:
 276               	.global	sensor_system_init
 278               	sensor_system_init:
  71:/Users/Administrator/sos-2x/kernel/sensor_system.c **** 
  72:/Users/Administrator/sos-2x/kernel/sensor_system.c **** 
  73:/Users/Administrator/sos-2x/kernel/sensor_system.c **** /**
  74:/Users/Administrator/sos-2x/kernel/sensor_system.c ****  * @brief Initialize the sensor interface
  75:/Users/Administrator/sos-2x/kernel/sensor_system.c ****  */
  76:/Users/Administrator/sos-2x/kernel/sensor_system.c **** int8_t sensor_system_init() {
 280               	.LM3:
 281               	/* prologue: frame size=0 */
 282               	/* prologue end (size=0) */
 283 0006 8FEF      		ldi r24,lo8(-1)
 284 0008 E0E0      		ldi r30,lo8(s)
 285 000a F0E0      		ldi r31,hi8(s)
 286               	.L6:
  77:/Users/Administrator/sos-2x/kernel/sensor_system.c **** 	unsigned int i;
  78:/Users/Administrator/sos-2x/kernel/sensor_system.c **** 
  79:/Users/Administrator/sos-2x/kernel/sensor_system.c **** 	for (i = 0; i < MAX_NUM_SENSORS; i++) {
  80:/Users/Administrator/sos-2x/kernel/sensor_system.c **** 		s.driver_id[i] = NULL_PID;
 288               	.LM4:
 289 000c 8193      		st Z+,r24
 291               	.LM5:
 292 000e 90E0      		ldi r25,hi8(s+7)
 293 0010 E030      		cpi r30,lo8(s+7)
 294 0012 F907      		cpc r31,r25
 295 0014 D9F3      		breq .L6
 296 0016 D0F3      		brlo .L6
  81:/Users/Administrator/sos-2x/kernel/sensor_system.c **** 	}
  82:/Users/Administrator/sos-2x/kernel/sensor_system.c **** #ifdef SOS_USE_PREEMPTION
  83:/Users/Administrator/sos-2x/kernel/sensor_system.c **** 	ker_register_module(sos_get_header_address(mod_header));
  84:/Users/Administrator/sos-2x/kernel/sensor_system.c **** 	sensor_func_ptr = ker_get_module_state(KER_SENSOR_PID);
  85:/Users/Administrator/sos-2x/kernel/sensor_system.c **** #else
  86:/Users/Administrator/sos-2x/kernel/sensor_system.c **** 	sched_register_kernel_module(&sensor_module, sos_get_header_address(mod_header), sensor_func_ptr);
 298               	.LM6:
 299 0018 80E0      		ldi r24,lo8(mod_header)
 300 001a 90E0      		ldi r25,hi8(mod_header)
 301 001c AA27      		clr r26
 302 001e 97FD      		sbrc r25,7
 303 0020 A095      		com r26
 304 0022 BA2F      		mov r27,r26
 305 0024 B695      		lsr r27
 306 0026 A795      		ror r26
 307 0028 9795      		ror r25
 308 002a 8795      		ror r24
 309 002c 40E0      		ldi r20,lo8(sensor_func_ptr)
 310 002e 50E0      		ldi r21,hi8(sensor_func_ptr)
 311 0030 BC01      		movw r22,r24
 312 0032 80E0      		ldi r24,lo8(sensor_module)
 313 0034 90E0      		ldi r25,hi8(sensor_module)
 314 0036 0E94 0000 		call sched_register_kernel_module
  87:/Users/Administrator/sos-2x/kernel/sensor_system.c **** #endif
  88:/Users/Administrator/sos-2x/kernel/sensor_system.c **** 	return SOS_OK;
  89:/Users/Administrator/sos-2x/kernel/sensor_system.c **** }
 316               	.LM7:
 317 003a 80E0      		ldi r24,lo8(0)
 318 003c 90E0      		ldi r25,hi8(0)
 319               	/* epilogue: frame size=0 */
 320 003e 0895      		ret
 321               	/* epilogue end (size=1) */
 322               	/* function sensor_system_init size 29 (28) */
 324               	.Lscope1:
 330               	.global	ker_sensor_driver_register
 332               	ker_sensor_driver_register:
  90:/Users/Administrator/sos-2x/kernel/sensor_system.c **** 
  91:/Users/Administrator/sos-2x/kernel/sensor_system.c **** /**
  92:/Users/Administrator/sos-2x/kernel/sensor_system.c ****  * @brief Register a new sensor driver
  93:/Users/Administrator/sos-2x/kernel/sensor_system.c ****  */
  94:/Users/Administrator/sos-2x/kernel/sensor_system.c **** int8_t ker_sys_sensor_driver_register(sensor_id_t sensor, uint8_t sensor_control_fid) {
  95:/Users/Administrator/sos-2x/kernel/sensor_system.c **** 	sos_pid_t driver_id = ker_get_current_pid();
  96:/Users/Administrator/sos-2x/kernel/sensor_system.c **** 	return ker_sensor_driver_register(driver_id, sensor, sensor_control_fid);
  97:/Users/Administrator/sos-2x/kernel/sensor_system.c **** }
  98:/Users/Administrator/sos-2x/kernel/sensor_system.c **** 
  99:/Users/Administrator/sos-2x/kernel/sensor_system.c **** int8_t ker_sensor_driver_register(sos_pid_t driver_id, sensor_id_t sensor, uint8_t sensor_control_f
 334               	.LM8:
 335               	/* prologue: frame size=0 */
 336 0040 1F93      		push r17
 337 0042 CF93      		push r28
 338 0044 DF93      		push r29
 339               	/* prologue end (size=3) */
 340 0046 182F      		mov r17,r24
 341 0048 262F      		mov r18,r22
 100:/Users/Administrator/sos-2x/kernel/sensor_system.c **** 	// Verify driver id and sensor id.
 101:/Users/Administrator/sos-2x/kernel/sensor_system.c **** 	// Verify if the sensor has already been registered.
 102:/Users/Administrator/sos-2x/kernel/sensor_system.c **** 	if ((driver_id == NULL_PID) || 
 343               	.LM9:
 344 004a 8F3F      		cpi r24,lo8(-1)
 345 004c 79F0      		breq .L13
 347               	.LM10:
 348 004e 6830      		cpi r22,lo8(8)
 349 0050 68F4      		brsh .L13
 350 0052 C62F      		mov r28,r22
 351 0054 DD27      		clr r29
 352 0056 C050      		subi r28,lo8(-(s))
 353 0058 D040      		sbci r29,hi8(-(s))
 354 005a 8881      		ld r24,Y
 355 005c 8F3F      		cpi r24,lo8(-1)
 356 005e 31F4      		brne .L13
 103:/Users/Administrator/sos-2x/kernel/sensor_system.c **** 		(sensor >= MAX_NUM_SENSORS) || 
 104:/Users/Administrator/sos-2x/kernel/sensor_system.c **** 		(s.driver_id[sensor] != NULL_PID)) {
 105:/Users/Administrator/sos-2x/kernel/sensor_system.c **** 		return -EINVAL;
 106:/Users/Administrator/sos-2x/kernel/sensor_system.c **** 	}
 107:/Users/Administrator/sos-2x/kernel/sensor_system.c **** 
 108:/Users/Administrator/sos-2x/kernel/sensor_system.c **** 	// Subscribe to sensor control function.
 109:/Users/Administrator/sos-2x/kernel/sensor_system.c **** 	if (ker_fntable_subscribe(KER_SENSOR_PID, driver_id, sensor_control_fid, sensor) < 0) {
 358               	.LM11:
 359 0060 612F      		mov r22,r17
 360 0062 86E0      		ldi r24,lo8(6)
 361 0064 0E94 0000 		call ker_fntable_subscribe
 362 0068 87FF      		sbrs r24,7
 363 006a 03C0      		rjmp .L12
 364               	.L13:
 110:/Users/Administrator/sos-2x/kernel/sensor_system.c **** 		return -EINVAL;
 366               	.LM12:
 367 006c 8AEE      		ldi r24,lo8(-22)
 368 006e 9FEF      		ldi r25,hi8(-22)
 369 0070 03C0      		rjmp .L9
 370               	.L12:
 111:/Users/Administrator/sos-2x/kernel/sensor_system.c **** 	}
 112:/Users/Administrator/sos-2x/kernel/sensor_system.c **** 
 113:/Users/Administrator/sos-2x/kernel/sensor_system.c **** 	// Registration successful.
 114:/Users/Administrator/sos-2x/kernel/sensor_system.c **** 	s.driver_id[sensor] = driver_id;
 372               	.LM13:
 373 0072 1883      		st Y,r17
 115:/Users/Administrator/sos-2x/kernel/sensor_system.c **** 
 116:/Users/Administrator/sos-2x/kernel/sensor_system.c **** 	return SOS_OK;
 375               	.LM14:
 376 0074 80E0      		ldi r24,lo8(0)
 377 0076 90E0      		ldi r25,hi8(0)
 378               	.L9:
 379               	/* epilogue: frame size=0 */
 380 0078 DF91      		pop r29
 381 007a CF91      		pop r28
 382 007c 1F91      		pop r17
 383 007e 0895      		ret
 384               	/* epilogue end (size=4) */
 385               	/* function ker_sensor_driver_register size 32 (25) */
 387               	.Lscope2:
 392               	.global	ker_sys_sensor_driver_register
 394               	ker_sys_sensor_driver_register:
 396               	.LM15:
 397               	/* prologue: frame size=0 */
 398 0080 0F93      		push r16
 399 0082 1F93      		push r17
 400               	/* prologue end (size=2) */
 401 0084 082F      		mov r16,r24
 402 0086 162F      		mov r17,r22
 404               	.LM16:
 405 0088 0E94 0000 		call ker_get_current_pid
 407               	.LM17:
 408 008c 412F      		mov r20,r17
 409 008e 602F      		mov r22,r16
 410 0090 0E94 0000 		call ker_sensor_driver_register
 412               	.LM18:
 413 0094 9927      		clr r25
 414 0096 87FD      		sbrc r24,7
 415 0098 9095      		com r25
 416               	/* epilogue: frame size=0 */
 417 009a 1F91      		pop r17
 418 009c 0F91      		pop r16
 419 009e 0895      		ret
 420               	/* epilogue end (size=3) */
 421               	/* function ker_sys_sensor_driver_register size 16 (11) */
 423               	.Lscope3:
 428               	.global	ker_sensor_driver_deregister
 430               	ker_sensor_driver_deregister:
 117:/Users/Administrator/sos-2x/kernel/sensor_system.c **** }
 118:/Users/Administrator/sos-2x/kernel/sensor_system.c **** 
 119:/Users/Administrator/sos-2x/kernel/sensor_system.c **** 
 120:/Users/Administrator/sos-2x/kernel/sensor_system.c **** int8_t ker_sys_sensor_driver_deregister(sensor_id_t sensor) {
 121:/Users/Administrator/sos-2x/kernel/sensor_system.c **** 	sos_pid_t driver_id = ker_get_current_pid();
 122:/Users/Administrator/sos-2x/kernel/sensor_system.c **** 	return ker_sensor_driver_deregister(driver_id, sensor);
 123:/Users/Administrator/sos-2x/kernel/sensor_system.c **** }
 124:/Users/Administrator/sos-2x/kernel/sensor_system.c **** 
 125:/Users/Administrator/sos-2x/kernel/sensor_system.c **** /**
 126:/Users/Administrator/sos-2x/kernel/sensor_system.c ****  * @brief De-Register a sensor driver
 127:/Users/Administrator/sos-2x/kernel/sensor_system.c ****  */
 128:/Users/Administrator/sos-2x/kernel/sensor_system.c **** int8_t ker_sensor_driver_deregister(sos_pid_t driver_id, sensor_id_t sensor) {
 432               	.LM19:
 433               	/* prologue: frame size=0 */
 434               	/* prologue end (size=0) */
 129:/Users/Administrator/sos-2x/kernel/sensor_system.c **** 	// Verify driver id and sensor id.
 130:/Users/Administrator/sos-2x/kernel/sensor_system.c **** 	// Verify if the sensor has already been registered.
 131:/Users/Administrator/sos-2x/kernel/sensor_system.c **** 	if ((driver_id == NULL_PID) || 
 436               	.LM20:
 437 00a0 8F3F      		cpi r24,lo8(-1)
 438 00a2 49F0      		breq .L17
 440               	.LM21:
 441 00a4 6830      		cpi r22,lo8(8)
 442 00a6 38F4      		brsh .L17
 443 00a8 E62F      		mov r30,r22
 444 00aa FF27      		clr r31
 445 00ac E050      		subi r30,lo8(-(s))
 446 00ae F040      		sbci r31,hi8(-(s))
 447 00b0 8081      		ld r24,Z
 448 00b2 8F3F      		cpi r24,lo8(-1)
 449 00b4 19F4      		brne .L16
 450               	.L17:
 132:/Users/Administrator/sos-2x/kernel/sensor_system.c **** 		(sensor >= MAX_NUM_SENSORS) || 
 133:/Users/Administrator/sos-2x/kernel/sensor_system.c **** 		(s.driver_id[sensor] == NULL_PID)) {
 134:/Users/Administrator/sos-2x/kernel/sensor_system.c **** 		return -EINVAL;
 452               	.LM22:
 453 00b6 8AEE      		ldi r24,lo8(-22)
 454 00b8 9FEF      		ldi r25,hi8(-22)
 455 00ba 0895      		ret
 456               	.L16:
 135:/Users/Administrator/sos-2x/kernel/sensor_system.c **** 	}
 136:/Users/Administrator/sos-2x/kernel/sensor_system.c **** 
 137:/Users/Administrator/sos-2x/kernel/sensor_system.c **** 	// Driver de-registered.
 138:/Users/Administrator/sos-2x/kernel/sensor_system.c **** 	s.driver_id[sensor] = NULL_PID;
 458               	.LM23:
 459 00bc 8FEF      		ldi r24,lo8(-1)
 460 00be 8083      		st Z,r24
 139:/Users/Administrator/sos-2x/kernel/sensor_system.c **** 
 140:/Users/Administrator/sos-2x/kernel/sensor_system.c **** 	return SOS_OK;
 462               	.LM24:
 463 00c0 80E0      		ldi r24,lo8(0)
 464 00c2 90E0      		ldi r25,hi8(0)
 141:/Users/Administrator/sos-2x/kernel/sensor_system.c **** }
 466               	.LM25:
 467 00c4 0895      		ret
 468               	/* epilogue: frame size=0 */
 469 00c6 0895      		ret
 470               	/* epilogue end (size=1) */
 471               	/* function ker_sensor_driver_deregister size 20 (19) */
 473               	.Lscope4:
 477               	.global	ker_sys_sensor_driver_deregister
 479               	ker_sys_sensor_driver_deregister:
 481               	.LM26:
 482               	/* prologue: frame size=0 */
 483 00c8 1F93      		push r17
 484               	/* prologue end (size=1) */
 485 00ca 182F      		mov r17,r24
 487               	.LM27:
 488 00cc 0E94 0000 		call ker_get_current_pid
 490               	.LM28:
 491 00d0 612F      		mov r22,r17
 492 00d2 0E94 0000 		call ker_sensor_driver_deregister
 494               	.LM29:
 495 00d6 9927      		clr r25
 496 00d8 87FD      		sbrc r24,7
 497 00da 9095      		com r25
 498               	/* epilogue: frame size=0 */
 499 00dc 1F91      		pop r17
 500 00de 0895      		ret
 501               	/* epilogue end (size=2) */
 502               	/* function ker_sys_sensor_driver_deregister size 12 (9) */
 504               	.Lscope5:
 512               	.global	ker_sensor_start_sampling
 514               	ker_sensor_start_sampling:
 142:/Users/Administrator/sos-2x/kernel/sensor_system.c **** 
 143:/Users/Administrator/sos-2x/kernel/sensor_system.c **** 
 144:/Users/Administrator/sos-2x/kernel/sensor_system.c **** int8_t ker_sys_sensor_start_sampling(sensor_id_t *sensors, unsigned int num_sensors, 
 145:/Users/Administrator/sos-2x/kernel/sensor_system.c **** 						sample_context_t *param, void *context) {
 146:/Users/Administrator/sos-2x/kernel/sensor_system.c **** 	sos_pid_t app_id = ker_get_current_pid();
 147:/Users/Administrator/sos-2x/kernel/sensor_system.c **** 	return ker_sensor_start_sampling(app_id, sensors, num_sensors, param, context);
 148:/Users/Administrator/sos-2x/kernel/sensor_system.c **** }
 149:/Users/Administrator/sos-2x/kernel/sensor_system.c **** 
 150:/Users/Administrator/sos-2x/kernel/sensor_system.c **** /**
 151:/Users/Administrator/sos-2x/kernel/sensor_system.c ****  * @brief Get the sensor data
 152:/Users/Administrator/sos-2x/kernel/sensor_system.c ****  */
 153:/Users/Administrator/sos-2x/kernel/sensor_system.c **** int8_t ker_sensor_start_sampling(sos_pid_t app_id, sensor_id_t *sensors, unsigned int num_sensors, 
 154:/Users/Administrator/sos-2x/kernel/sensor_system.c **** 						sample_context_t *param, void *context) {
 516               	.LM30:
 517               	/* prologue: frame size=0 */
 518 00e0 2F92      		push r2
 519 00e2 3F92      		push r3
 520 00e4 4F92      		push r4
 521 00e6 5F92      		push r5
 522 00e8 6F92      		push r6
 523 00ea 7F92      		push r7
 524 00ec 8F92      		push r8
 525 00ee 9F92      		push r9
 526 00f0 AF92      		push r10
 527 00f2 BF92      		push r11
 528 00f4 CF92      		push r12
 529 00f6 DF92      		push r13
 530 00f8 EF92      		push r14
 531 00fa FF92      		push r15
 532 00fc 0F93      		push r16
 533 00fe 1F93      		push r17
 534 0100 CF93      		push r28
 535 0102 DF93      		push r29
 536               	/* prologue end (size=18) */
 537 0104 282E      		mov r2,r24
 538 0106 5B01      		movw r10,r22
 539 0108 6A01      		movw r12,r20
 540 010a 3901      		movw r6,r18
 541 010c 2801      		movw r4,r16
 155:/Users/Administrator/sos-2x/kernel/sensor_system.c **** 	unsigned int i;
 156:/Users/Administrator/sos-2x/kernel/sensor_system.c **** 
 157:/Users/Administrator/sos-2x/kernel/sensor_system.c **** 	// Verify application id.
 158:/Users/Administrator/sos-2x/kernel/sensor_system.c **** 	if (app_id == NULL_PID) return -EINVAL;
 543               	.LM31:
 544 010e 2FEF      		ldi r18,lo8(-1)
 545 0110 8217      		cp r24,r18
 546 0112 B1F0      		breq .L49
 159:/Users/Administrator/sos-2x/kernel/sensor_system.c **** 
 160:/Users/Administrator/sos-2x/kernel/sensor_system.c **** 	// Verify sensor ids and the sensor drivers that support these
 161:/Users/Administrator/sos-2x/kernel/sensor_system.c **** 	// sensors are registered.
 162:/Users/Administrator/sos-2x/kernel/sensor_system.c **** 	for (i = 0; i < num_sensors; i++) {
 548               	.LM32:
 549 0114 C0E0      		ldi r28,lo8(0)
 550 0116 D0E0      		ldi r29,hi8(0)
 551 0118 C417      		cp r28,r20
 552 011a D507      		cpc r29,r21
 553 011c 70F4      		brsh .L42
 554 011e DB01      		movw r26,r22
 555               	.L26:
 163:/Users/Administrator/sos-2x/kernel/sensor_system.c **** 		if ((sensors[i] >= MAX_NUM_SENSORS) || 
 557               	.LM33:
 558 0120 ED91      		ld r30,X+
 559 0122 E830      		cpi r30,lo8(8)
 560 0124 68F4      		brsh .L49
 561 0126 FF27      		clr r31
 562 0128 E050      		subi r30,lo8(-(s))
 563 012a F040      		sbci r31,hi8(-(s))
 564 012c 8081      		ld r24,Z
 565 012e 8F3F      		cpi r24,lo8(-1)
 566 0130 39F0      		breq .L49
 568               	.LM34:
 569 0132 2196      		adiw r28,1
 570 0134 CC15      		cp r28,r12
 571 0136 DD05      		cpc r29,r13
 572 0138 98F3      		brlo .L26
 573               	.L42:
 164:/Users/Administrator/sos-2x/kernel/sensor_system.c **** 			(s.driver_id[sensors[i]] == NULL_PID)) { 
 165:/Users/Administrator/sos-2x/kernel/sensor_system.c **** 			return -EINVAL;
 166:/Users/Administrator/sos-2x/kernel/sensor_system.c **** 		}
 167:/Users/Administrator/sos-2x/kernel/sensor_system.c **** 	}
 168:/Users/Administrator/sos-2x/kernel/sensor_system.c **** 
 169:/Users/Administrator/sos-2x/kernel/sensor_system.c **** 	if (param == NULL) return -EINVAL;
 575               	.LM35:
 576 013a 6114      		cp r6,__zero_reg__
 577 013c 7104      		cpc r7,__zero_reg__
 578 013e 19F4      		brne .L27
 579               	.L49:
 580 0140 8AEE      		ldi r24,lo8(-22)
 581 0142 9FEF      		ldi r25,hi8(-22)
 582 0144 62C0      		rjmp .L19
 583               	.L27:
 170:/Users/Administrator/sos-2x/kernel/sensor_system.c **** 
 171:/Users/Administrator/sos-2x/kernel/sensor_system.c **** 	// Register request to sensor drivers.
 172:/Users/Administrator/sos-2x/kernel/sensor_system.c **** 	for (i = 0; i < num_sensors; i++) {
 585               	.LM36:
 586 0146 C0E0      		ldi r28,lo8(0)
 587 0148 D0E0      		ldi r29,hi8(0)
 588 014a CC15      		cp r28,r12
 589 014c DD05      		cpc r29,r13
 590 014e 08F0      		brlo .+2
 591 0150 42C0      		rjmp .L44
 592 0152 4501      		movw r8,r10
 593               	.L36:
 594               	.LBB2:
 173:/Users/Administrator/sos-2x/kernel/sensor_system.c **** 		int8_t ret = SOS_CALL(sensor_func_ptr[sensors[i]], sensor_control_fn_t, SENSOR_REGISTER_REQUEST_C
 596               	.LM37:
 597 0154 F401      		movw r30,r8
 598 0156 8191      		ld r24,Z+
 599 0158 4F01      		movw r8,r30
 600 015a E82F      		mov r30,r24
 601 015c FF27      		clr r31
 602 015e EE0F      		add r30,r30
 603 0160 FF1F      		adc r31,r31
 604 0162 E050      		subi r30,lo8(-(sensor_func_ptr))
 605 0164 F040      		sbci r31,hi8(-(sensor_func_ptr))
 606 0166 7201      		movw r14,r4
 607 0168 8301      		movw r16,r6
 608 016a 282F      		mov r18,r24
 609 016c 422D      		mov r20,r2
 610 016e 60E0      		ldi r22,lo8(0)
 611 0170 8081      		ld r24,Z
 612 0172 9181      		ldd r25,Z+1
 613 0174 0E94 4600 		call 140
 614 0178 382E      		mov r3,r24
 174:/Users/Administrator/sos-2x/kernel/sensor_system.c **** 							app_id, sensors[i], param, context);
 175:/Users/Administrator/sos-2x/kernel/sensor_system.c **** 		if (ret < 0) {
 616               	.LM38:
 617 017a 87FF      		sbrs r24,7
 618 017c 27C0      		rjmp .L30
 619               	.LBB3:
 176:/Users/Administrator/sos-2x/kernel/sensor_system.c **** 			// Remove request from other drivers too if there is some error
 177:/Users/Administrator/sos-2x/kernel/sensor_system.c **** 			// while registering it.
 178:/Users/Administrator/sos-2x/kernel/sensor_system.c **** 			int j;
 179:/Users/Administrator/sos-2x/kernel/sensor_system.c **** 			for (j = i-1; j > -1; j--) {
 621               	.LM39:
 622 017e CE01      		movw r24,r28
 623 0180 0197      		sbiw r24,1
 624 0182 FFEF      		ldi r31,hi8(-1)
 625 0184 8F3F      		cpi r24,lo8(-1)
 626 0186 9F07      		cpc r25,r31
 627 0188 E1F0      		breq .L46
 628 018a DCF0      		brlt .L46
 629 018c EC01      		movw r28,r24
 630 018e CA0D      		add r28,r10
 631 0190 DB1D      		adc r29,r11
 632 0192 6501      		movw r12,r10
 633 0194 0894      		sec
 634 0196 C108      		sbc r12,__zero_reg__
 635 0198 D108      		sbc r13,__zero_reg__
 636               	.L35:
 180:/Users/Administrator/sos-2x/kernel/sensor_system.c **** 				SOS_CALL(sensor_func_ptr[sensors[j]], sensor_control_fn_t, SENSOR_REMOVE_REQUEST_COMMAND, 
 638               	.LM40:
 639 019a 8881      		ld r24,Y
 640 019c 2197      		sbiw r28,1
 641 019e E82F      		mov r30,r24
 642 01a0 FF27      		clr r31
 643 01a2 EE0F      		add r30,r30
 644 01a4 FF1F      		adc r31,r31
 645 01a6 E050      		subi r30,lo8(-(sensor_func_ptr))
 646 01a8 F040      		sbci r31,hi8(-(sensor_func_ptr))
 647 01aa 7201      		movw r14,r4
 648 01ac 8301      		movw r16,r6
 649 01ae 282F      		mov r18,r24
 650 01b0 422D      		mov r20,r2
 651 01b2 61E0      		ldi r22,lo8(1)
 652 01b4 8081      		ld r24,Z
 653 01b6 9181      		ldd r25,Z+1
 654 01b8 0E94 4600 		call 140
 656               	.LM41:
 657 01bc CC16      		cp r12,r28
 658 01be DD06      		cpc r13,r29
 659 01c0 64F3      		brlt .L35
 660               	.L46:
 181:/Users/Administrator/sos-2x/kernel/sensor_system.c **** 						app_id, sensors[j], param, context);
 182:/Users/Administrator/sos-2x/kernel/sensor_system.c **** 			}
 183:/Users/Administrator/sos-2x/kernel/sensor_system.c **** 			return ret;
 662               	.LM42:
 663 01c2 832D      		mov r24,r3
 664 01c4 9927      		clr r25
 665 01c6 87FD      		sbrc r24,7
 666 01c8 9095      		com r25
 667 01ca 1FC0      		rjmp .L19
 668               	.L30:
 669               	.LBE3:
 670               	.LBE2:
 672               	.LM43:
 673 01cc 2196      		adiw r28,1
 674 01ce CC15      		cp r28,r12
 675 01d0 DD05      		cpc r29,r13
 676 01d2 08F4      		brsh .+2
 677 01d4 BFCF      		rjmp .L36
 678               	.L44:
 184:/Users/Administrator/sos-2x/kernel/sensor_system.c **** 		}
 185:/Users/Administrator/sos-2x/kernel/sensor_system.c **** 	}
 186:/Users/Administrator/sos-2x/kernel/sensor_system.c **** 
 187:/Users/Administrator/sos-2x/kernel/sensor_system.c **** 	// Issue GET_DATA command to sensor drivers.
 188:/Users/Administrator/sos-2x/kernel/sensor_system.c **** 	for (i = 0; i < num_sensors; i++) {
 680               	.LM44:
 681 01d6 C114      		cp r12,__zero_reg__
 682 01d8 D104      		cpc r13,__zero_reg__
 683 01da A9F0      		breq .L48
 684 01dc E601      		movw r28,r12
 685               	.L40:
 189:/Users/Administrator/sos-2x/kernel/sensor_system.c **** 		SOS_CALL(sensor_func_ptr[sensors[i]], sensor_control_fn_t, SENSOR_GET_DATA_COMMAND, 
 687               	.LM45:
 688 01de F501      		movw r30,r10
 689 01e0 8191      		ld r24,Z+
 690 01e2 5F01      		movw r10,r30
 691 01e4 E82F      		mov r30,r24
 692 01e6 FF27      		clr r31
 693 01e8 EE0F      		add r30,r30
 694 01ea FF1F      		adc r31,r31
 695 01ec E050      		subi r30,lo8(-(sensor_func_ptr))
 696 01ee F040      		sbci r31,hi8(-(sensor_func_ptr))
 697 01f0 7201      		movw r14,r4
 698 01f2 8301      		movw r16,r6
 699 01f4 282F      		mov r18,r24
 700 01f6 422D      		mov r20,r2
 701 01f8 62E0      		ldi r22,lo8(2)
 702 01fa 8081      		ld r24,Z
 703 01fc 9181      		ldd r25,Z+1
 704 01fe 0E94 4600 		call 140
 706               	.LM46:
 707 0202 2197      		sbiw r28,1
 708 0204 61F7      		brne .L40
 709               	.L48:
 190:/Users/Administrator/sos-2x/kernel/sensor_system.c **** 				app_id, sensors[i], param, context);
 191:/Users/Administrator/sos-2x/kernel/sensor_system.c **** 	}
 192:/Users/Administrator/sos-2x/kernel/sensor_system.c **** 
 193:/Users/Administrator/sos-2x/kernel/sensor_system.c **** 	return SOS_OK;
 711               	.LM47:
 712 0206 80E0      		ldi r24,lo8(0)
 713 0208 90E0      		ldi r25,hi8(0)
 714               	.L19:
 715               	/* epilogue: frame size=0 */
 716 020a DF91      		pop r29
 717 020c CF91      		pop r28
 718 020e 1F91      		pop r17
 719 0210 0F91      		pop r16
 720 0212 FF90      		pop r15
 721 0214 EF90      		pop r14
 722 0216 DF90      		pop r13
 723 0218 CF90      		pop r12
 724 021a BF90      		pop r11
 725 021c AF90      		pop r10
 726 021e 9F90      		pop r9
 727 0220 8F90      		pop r8
 728 0222 7F90      		pop r7
 729 0224 6F90      		pop r6
 730 0226 5F90      		pop r5
 731 0228 4F90      		pop r4
 732 022a 3F90      		pop r3
 733 022c 2F90      		pop r2
 734 022e 0895      		ret
 735               	/* epilogue end (size=19) */
 736               	/* function ker_sensor_start_sampling size 169 (132) */
 747               	.Lscope6:
 754               	.global	ker_sys_sensor_start_sampling
 756               	ker_sys_sensor_start_sampling:
 758               	.LM48:
 759               	/* prologue: frame size=0 */
 760 0230 AF92      		push r10
 761 0232 BF92      		push r11
 762 0234 CF92      		push r12
 763 0236 DF92      		push r13
 764 0238 EF92      		push r14
 765 023a FF92      		push r15
 766 023c 0F93      		push r16
 767 023e 1F93      		push r17
 768               	/* prologue end (size=8) */
 769 0240 5C01      		movw r10,r24
 770 0242 6B01      		movw r12,r22
 771 0244 7A01      		movw r14,r20
 772 0246 8901      		movw r16,r18
 774               	.LM49:
 775 0248 0E94 0000 		call ker_get_current_pid
 777               	.LM50:
 778 024c 9701      		movw r18,r14
 779 024e A601      		movw r20,r12
 780 0250 B501      		movw r22,r10
 781 0252 0E94 0000 		call ker_sensor_start_sampling
 783               	.LM51:
 784 0256 9927      		clr r25
 785 0258 87FD      		sbrc r24,7
 786 025a 9095      		com r25
 787               	/* epilogue: frame size=0 */
 788 025c 1F91      		pop r17
 789 025e 0F91      		pop r16
 790 0260 FF90      		pop r15
 791 0262 EF90      		pop r14
 792 0264 DF90      		pop r13
 793 0266 CF90      		pop r12
 794 0268 BF90      		pop r11
 795 026a AF90      		pop r10
 796 026c 0895      		ret
 797               	/* epilogue end (size=9) */
 798               	/* function ker_sys_sensor_start_sampling size 31 (14) */
 800               	.Lscope7:
 805               	.global	ker_sensor_stop_sampling
 807               	ker_sensor_stop_sampling:
 194:/Users/Administrator/sos-2x/kernel/sensor_system.c **** }
 195:/Users/Administrator/sos-2x/kernel/sensor_system.c **** 
 196:/Users/Administrator/sos-2x/kernel/sensor_system.c **** 
 197:/Users/Administrator/sos-2x/kernel/sensor_system.c **** int8_t ker_sys_sensor_stop_sampling(sensor_id_t sensor) { 
 198:/Users/Administrator/sos-2x/kernel/sensor_system.c **** 	sos_pid_t app_id = ker_get_current_pid();
 199:/Users/Administrator/sos-2x/kernel/sensor_system.c **** 	return ker_sensor_stop_sampling(app_id, sensor);
 200:/Users/Administrator/sos-2x/kernel/sensor_system.c **** }
 201:/Users/Administrator/sos-2x/kernel/sensor_system.c **** 
 202:/Users/Administrator/sos-2x/kernel/sensor_system.c **** int8_t ker_sensor_stop_sampling(sos_pid_t app_id, sensor_id_t sensor) {
 809               	.LM52:
 810               	/* prologue: frame size=0 */
 811 026e EF92      		push r14
 812 0270 FF92      		push r15
 813 0272 0F93      		push r16
 814 0274 1F93      		push r17
 815               	/* prologue end (size=4) */
 816 0276 482F      		mov r20,r24
 817 0278 262F      		mov r18,r22
 203:/Users/Administrator/sos-2x/kernel/sensor_system.c **** 	if ((app_id == NULL_PID) ||
 819               	.LM53:
 820 027a 8F3F      		cpi r24,lo8(-1)
 821 027c 51F0      		breq .L53
 823               	.LM54:
 824 027e 6930      		cpi r22,lo8(9)
 825 0280 40F4      		brsh .L53
 826 0282 A62F      		mov r26,r22
 827 0284 BB27      		clr r27
 828 0286 FD01      		movw r30,r26
 829 0288 E050      		subi r30,lo8(-(s))
 830 028a F040      		sbci r31,hi8(-(s))
 831 028c 8081      		ld r24,Z
 832 028e 8F3F      		cpi r24,lo8(-1)
 833 0290 19F0      		breq .L52
 834               	.L53:
 204:/Users/Administrator/sos-2x/kernel/sensor_system.c **** 		(sensor > MAX_NUM_SENSORS) ||
 205:/Users/Administrator/sos-2x/kernel/sensor_system.c **** 		(s.driver_id[sensor] != NULL_PID)) {
 206:/Users/Administrator/sos-2x/kernel/sensor_system.c **** 		return -EINVAL;
 836               	.LM55:
 837 0292 8AEE      		ldi r24,lo8(-22)
 838 0294 9FEF      		ldi r25,hi8(-22)
 839 0296 0FC0      		rjmp .L51
 840               	.L52:
 207:/Users/Administrator/sos-2x/kernel/sensor_system.c **** 	}
 208:/Users/Administrator/sos-2x/kernel/sensor_system.c **** 
 209:/Users/Administrator/sos-2x/kernel/sensor_system.c **** 	int8_t ret = SOS_CALL(sensor_func_ptr[sensor], sensor_control_fn_t, SENSOR_STOP_DATA_COMMAND, 
 842               	.LM56:
 843 0298 AA0F      		add r26,r26
 844 029a BB1F      		adc r27,r27
 845 029c A050      		subi r26,lo8(-(sensor_func_ptr))
 846 029e B040      		sbci r27,hi8(-(sensor_func_ptr))
 847 02a0 EE24      		clr r14
 848 02a2 FF24      		clr r15
 849 02a4 8701      		movw r16,r14
 850 02a6 63E0      		ldi r22,lo8(3)
 851 02a8 8D91      		ld r24,X+
 852 02aa 9C91      		ld r25,X
 853 02ac 0E94 4600 		call 140
 210:/Users/Administrator/sos-2x/kernel/sensor_system.c **** 						app_id, sensor, NULL, NULL);
 211:/Users/Administrator/sos-2x/kernel/sensor_system.c **** 
 212:/Users/Administrator/sos-2x/kernel/sensor_system.c **** 	return ret;
 855               	.LM57:
 856 02b0 9927      		clr r25
 857 02b2 87FD      		sbrc r24,7
 858 02b4 9095      		com r25
 859               	.L51:
 860               	/* epilogue: frame size=0 */
 861 02b6 1F91      		pop r17
 862 02b8 0F91      		pop r16
 863 02ba FF90      		pop r15
 864 02bc EF90      		pop r14
 865 02be 0895      		ret
 866               	/* epilogue end (size=5) */
 867               	/* function ker_sensor_stop_sampling size 41 (32) */
 869               	.Lscope8:
 873               	.global	ker_sys_sensor_stop_sampling
 875               	ker_sys_sensor_stop_sampling:
 877               	.LM58:
 878               	/* prologue: frame size=0 */
 879 02c0 1F93      		push r17
 880               	/* prologue end (size=1) */
 881 02c2 182F      		mov r17,r24
 883               	.LM59:
 884 02c4 0E94 0000 		call ker_get_current_pid
 886               	.LM60:
 887 02c8 612F      		mov r22,r17
 888 02ca 0E94 0000 		call ker_sensor_stop_sampling
 890               	.LM61:
 891 02ce 9927      		clr r25
 892 02d0 87FD      		sbrc r24,7
 893 02d2 9095      		com r25
 894               	/* epilogue: frame size=0 */
 895 02d4 1F91      		pop r17
 896 02d6 0895      		ret
 897               	/* epilogue end (size=2) */
 898               	/* function ker_sys_sensor_stop_sampling size 12 (9) */
 900               	.Lscope9:
 902               		.lcomm s,8
 903               		.lcomm sensor_func_ptr,16
 904               		.lcomm sensor_module,8
 909               		.text
 911               	Letext:
 912               	/* File "/Users/Administrator/sos-2x/kernel/sensor_system.c": code  365 = 0x016d ( 281), prologues 
DEFINED SYMBOLS
                            *ABS*:00000000 sensor_system.c
                            *ABS*:0000003f __SREG__
                            *ABS*:0000003e __SP_H__
                            *ABS*:0000003d __SP_L__
                            *ABS*:00000000 __tmp_reg__
                            *ABS*:00000001 __zero_reg__
/var/tmp//ccQ0aZCQ.s:214    .progmem.data:00000000 mod_header
/var/tmp//ccQ0aZCQ.s:259    .text:00000000 sensor_handler
/var/tmp//ccQ0aZCQ.s:278    .text:00000006 sensor_system_init
                             .bss:00000000 s
/var/tmp//ccQ0aZCQ.s:902    .bss:00000008 sensor_func_ptr
/var/tmp//ccQ0aZCQ.s:903    .bss:00000018 sensor_module
/var/tmp//ccQ0aZCQ.s:332    .text:00000040 ker_sensor_driver_register
/var/tmp//ccQ0aZCQ.s:394    .text:00000080 ker_sys_sensor_driver_register
/var/tmp//ccQ0aZCQ.s:430    .text:000000a0 ker_sensor_driver_deregister
/var/tmp//ccQ0aZCQ.s:479    .text:000000c8 ker_sys_sensor_driver_deregister
/var/tmp//ccQ0aZCQ.s:514    .text:000000e0 ker_sensor_start_sampling
/var/tmp//ccQ0aZCQ.s:756    .text:00000230 ker_sys_sensor_start_sampling
/var/tmp//ccQ0aZCQ.s:807    .text:0000026e ker_sensor_stop_sampling
/var/tmp//ccQ0aZCQ.s:875    .text:000002c0 ker_sys_sensor_stop_sampling
/var/tmp//ccQ0aZCQ.s:911    .text:000002d8 Letext

UNDEFINED SYMBOLS
__do_copy_data
__do_clear_bss
error_8
sched_register_kernel_module
ker_fntable_subscribe
ker_get_current_pid
