   1               		.file	"sos_i2c.c"
   2               		.arch atmega128
   3               	__SREG__ = 0x3f
   4               	__SP_H__ = 0x3e
   5               	__SP_L__ = 0x3d
   6               	__tmp_reg__ = 0
   7               	__zero_reg__ = 1
   8               		.global __do_copy_data
   9               		.global __do_clear_bss
  12               		.text
  13               	.Ltext0:
 290               		.text
 292               	Letext:
 293               	/* File "/Users/Administrator/sos-2x/drivers/i2c/sos_i2c.c": code    0 = 0x0000 (   0), prologues  
DEFINED SYMBOLS
                            *ABS*:00000000 sos_i2c.c
                            *ABS*:0000003f __SREG__
                            *ABS*:0000003e __SP_H__
                            *ABS*:0000003d __SP_L__
                            *ABS*:00000000 __tmp_reg__
                            *ABS*:00000001 __zero_reg__
/var/tmp//cccsAT1G.s:292    .text:00000000 Letext

UNDEFINED SYMBOLS
__do_copy_data
__do_clear_bss
