   1               		.file	"sos_uart_mgr.c"
   2               		.arch atmega128
   3               	__SREG__ = 0x3f
   4               	__SP_H__ = 0x3e
   5               	__SP_L__ = 0x3d
   6               	__tmp_reg__ = 0
   7               	__zero_reg__ = 1
   8               		.global __do_copy_data
   9               		.global __do_clear_bss
  12               		.text
  13               	.Ltext0:
 117               		.data
 120               	uart_address:
 121 0000 FFFF      		.word	-1
 122               		.text
 125               	.global	check_uart_address
 127               	check_uart_address:
   1:/Users/Administrator/sos-2x/drivers/uart/sos_uart_mgr.c **** /* -*- Mode: C; tab-width:2 -*- */
   2:/Users/Administrator/sos-2x/drivers/uart/sos_uart_mgr.c **** /* ex: set ts=2 shiftwidth=2 softtabstop=2 cindent: */
   3:/Users/Administrator/sos-2x/drivers/uart/sos_uart_mgr.c **** /**
   4:/Users/Administrator/sos-2x/drivers/uart/sos_uart_mgr.c ****  * @brief    sos_uart messaging layer
   5:/Users/Administrator/sos-2x/drivers/uart/sos_uart_mgr.c ****  * @author	 Naim Busek <ndbusek@gmail.com>
   6:/Users/Administrator/sos-2x/drivers/uart/sos_uart_mgr.c ****  *
   7:/Users/Administrator/sos-2x/drivers/uart/sos_uart_mgr.c ****  */
   8:/Users/Administrator/sos-2x/drivers/uart/sos_uart_mgr.c **** #include <sos_uart_mgr.h>
   9:/Users/Administrator/sos-2x/drivers/uart/sos_uart_mgr.c **** #include <sos_info.h>
  10:/Users/Administrator/sos-2x/drivers/uart/sos_uart_mgr.c **** 
  11:/Users/Administrator/sos-2x/drivers/uart/sos_uart_mgr.c **** static uint16_t uart_address = BCAST_ADDRESS;
  12:/Users/Administrator/sos-2x/drivers/uart/sos_uart_mgr.c **** 
  13:/Users/Administrator/sos-2x/drivers/uart/sos_uart_mgr.c **** int8_t check_uart_address(uint16_t addr) {
 129               	.LM1:
 130               	/* prologue: frame size=0 */
 131               	/* prologue end (size=0) */
  14:/Users/Administrator/sos-2x/drivers/uart/sos_uart_mgr.c **** 	if (addr != uart_address) {
 133               	.LM2:
 134 0000 2091 0000 		lds r18,uart_address
 135 0004 3091 0000 		lds r19,(uart_address)+1
 136 0008 8217      		cp r24,r18
 137 000a 9307      		cpc r25,r19
 138 000c 19F0      		breq .L2
  15:/Users/Administrator/sos-2x/drivers/uart/sos_uart_mgr.c **** 		return -EINVAL;
 140               	.LM3:
 141 000e 8AEE      		ldi r24,lo8(-22)
 142 0010 9FEF      		ldi r25,hi8(-22)
 143 0012 0895      		ret
 144               	.L2:
  16:/Users/Administrator/sos-2x/drivers/uart/sos_uart_mgr.c **** 	}
  17:/Users/Administrator/sos-2x/drivers/uart/sos_uart_mgr.c **** 	return SOS_OK;
 146               	.LM4:
 147 0014 80E0      		ldi r24,lo8(0)
 148 0016 90E0      		ldi r25,hi8(0)
  18:/Users/Administrator/sos-2x/drivers/uart/sos_uart_mgr.c **** }
 150               	.LM5:
 151 0018 0895      		ret
 152               	/* epilogue: frame size=0 */
 153 001a 0895      		ret
 154               	/* epilogue end (size=1) */
 155               	/* function check_uart_address size 14 (13) */
 157               	.Lscope0:
 161               	.global	set_uart_address
 163               	set_uart_address:
  19:/Users/Administrator/sos-2x/drivers/uart/sos_uart_mgr.c **** 
  20:/Users/Administrator/sos-2x/drivers/uart/sos_uart_mgr.c **** void set_uart_address(uint16_t addr) {
 165               	.LM6:
 166               	/* prologue: frame size=0 */
 167               	/* prologue end (size=0) */
  21:/Users/Administrator/sos-2x/drivers/uart/sos_uart_mgr.c **** 	uart_address = addr;
 169               	.LM7:
 170 001c 9093 0000 		sts (uart_address)+1,r25
 171 0020 8093 0000 		sts uart_address,r24
 172               	/* epilogue: frame size=0 */
 173 0024 0895      		ret
 174               	/* epilogue end (size=1) */
 175               	/* function set_uart_address size 5 (4) */
 177               	.Lscope1:
 180               		.text
 182               	Letext:
 183               	/* File "/Users/Administrator/sos-2x/drivers/uart/sos_uart_mgr.c": code   19 = 0x0013 (  17), prolo
DEFINED SYMBOLS
                            *ABS*:00000000 sos_uart_mgr.c
                            *ABS*:0000003f __SREG__
                            *ABS*:0000003e __SP_H__
                            *ABS*:0000003d __SP_L__
                            *ABS*:00000000 __tmp_reg__
                            *ABS*:00000001 __zero_reg__
/var/tmp//ccp6XRqf.s:120    .data:00000000 uart_address
/var/tmp//ccp6XRqf.s:127    .text:00000000 check_uart_address
/var/tmp//ccp6XRqf.s:163    .text:0000001c set_uart_address
/var/tmp//ccp6XRqf.s:182    .text:00000026 Letext

UNDEFINED SYMBOLS
__do_copy_data
__do_clear_bss
