GAS LISTING /var/tmp//ccFgGHiw.s 			page 1


   1               	# 1 "/Users/Administrator/sos-2x/processor/avr/sys_jmptable.S"
   2               	# 1 "<built-in>"
   1               	
   0               	
   0               	
   2               	.section .sos_sysjmptbl,"ax"
   3               	.global  sos_sysjmptbl
   4               	sos_sysjmptbl:
   5:/Users/Administrator/sos-2x/processor/avr/sys_jmptable.S **** jmp ker_sys_fnptr_call     ; 0
   6:/Users/Administrator/sos-2x/processor/avr/sys_jmptable.S **** jmp ker_sys_malloc         ; 1
   7:/Users/Administrator/sos-2x/processor/avr/sys_jmptable.S **** jmp ker_sys_realloc        ; 2
   8:/Users/Administrator/sos-2x/processor/avr/sys_jmptable.S **** jmp ker_sys_free           ; 3
   9:/Users/Administrator/sos-2x/processor/avr/sys_jmptable.S **** jmp ker_sys_msg_take_data  ; 4
  10:/Users/Administrator/sos-2x/processor/avr/sys_jmptable.S **** jmp ker_sys_timer_start    ; 5
  11:/Users/Administrator/sos-2x/processor/avr/sys_jmptable.S **** jmp ker_sys_timer_restart  ; 6
  12:/Users/Administrator/sos-2x/processor/avr/sys_jmptable.S **** jmp ker_sys_timer_stop     ; 7
  13:/Users/Administrator/sos-2x/processor/avr/sys_jmptable.S **** jmp ker_sys_post           ; 8
  14:/Users/Administrator/sos-2x/processor/avr/sys_jmptable.S **** jmp ker_sys_post_link      ; 9
  15:/Users/Administrator/sos-2x/processor/avr/sys_jmptable.S **** jmp ker_sys_post_value     ; 10
  16:/Users/Administrator/sos-2x/processor/avr/sys_jmptable.S **** jmp ker_hw_type            ; 11
  17:/Users/Administrator/sos-2x/processor/avr/sys_jmptable.S **** jmp ker_id                 ; 12
  18:/Users/Administrator/sos-2x/processor/avr/sys_jmptable.S **** jmp ker_rand               ; 13
  19:/Users/Administrator/sos-2x/processor/avr/sys_jmptable.S **** jmp ker_systime32          ; 14
  20:/Users/Administrator/sos-2x/processor/avr/sys_jmptable.S **** jmp ker_sensor_get_data    ; 15
  21:/Users/Administrator/sos-2x/processor/avr/sys_jmptable.S **** jmp ker_led                ; 16
  22:/Users/Administrator/sos-2x/processor/avr/sys_jmptable.S **** jmp ker_sys_get_module_state ; 17
  23:/Users/Administrator/sos-2x/processor/avr/sys_jmptable.S **** jmp ker_sys_fntable_subscribe ; 18
  24:/Users/Administrator/sos-2x/processor/avr/sys_jmptable.S **** jmp ker_sys_change_own     ; 19
  25               	#ifdef SOS_SFI	
  26               	jmp ker_sys_fnptr_from_ker_call ; 20
  27               	#else
  28:/Users/Administrator/sos-2x/processor/avr/sys_jmptable.S **** jmp 0                      ; 20
  29               	#endif	
  30:/Users/Administrator/sos-2x/processor/avr/sys_jmptable.S **** jmp ker_sys_codemem_read   ; 21
  31:/Users/Administrator/sos-2x/processor/avr/sys_jmptable.S **** jmp ker_sys_shm_open       ; 22
  32:/Users/Administrator/sos-2x/processor/avr/sys_jmptable.S **** jmp ker_sys_shm_update     ; 23
  33:/Users/Administrator/sos-2x/processor/avr/sys_jmptable.S **** jmp ker_sys_shm_close      ; 24
  34:/Users/Administrator/sos-2x/processor/avr/sys_jmptable.S **** jmp ker_sys_shm_get        ; 25
  35:/Users/Administrator/sos-2x/processor/avr/sys_jmptable.S **** jmp ker_sys_shm_wait       ; 26
  36:/Users/Administrator/sos-2x/processor/avr/sys_jmptable.S **** jmp ker_sys_shm_stopwait   ; 27
  37:/Users/Administrator/sos-2x/processor/avr/sys_jmptable.S **** jmp ker_get_current_pid    ; 28
  38:/Users/Administrator/sos-2x/processor/avr/sys_jmptable.S **** jmp ker_get_caller_pid     ; 29
  39:/Users/Administrator/sos-2x/processor/avr/sys_jmptable.S **** jmp ker_sys_routing_register ; 30
  40:/Users/Administrator/sos-2x/processor/avr/sys_jmptable.S **** jmp ker_adc_proc_bindPort       ; 31
  41:/Users/Administrator/sos-2x/processor/avr/sys_jmptable.S **** jmp ker_adc_proc_unbindPort     ; 32
  42:/Users/Administrator/sos-2x/processor/avr/sys_jmptable.S **** jmp ker_adc_proc_getData        ; 33
  43:/Users/Administrator/sos-2x/processor/avr/sys_jmptable.S **** jmp ker_sensor_register     ; 34
  44:/Users/Administrator/sos-2x/processor/avr/sys_jmptable.S **** jmp ker_sensor_deregister   ; 35
  45:/Users/Administrator/sos-2x/processor/avr/sys_jmptable.S **** jmp ker_sensor_data_ready   ; 36
  46:/Users/Administrator/sos-2x/processor/avr/sys_jmptable.S **** jmp ker_sensor_enable       ; 37
  47:/Users/Administrator/sos-2x/processor/avr/sys_jmptable.S **** jmp ker_sensor_disable      ; 38
  48:/Users/Administrator/sos-2x/processor/avr/sys_jmptable.S **** jmp ker_i2c_reserve_bus     ; 39
  49:/Users/Administrator/sos-2x/processor/avr/sys_jmptable.S **** jmp ker_i2c_release_bus     ; 40
  50:/Users/Administrator/sos-2x/processor/avr/sys_jmptable.S **** jmp ker_i2c_send_data       ; 41
  51:/Users/Administrator/sos-2x/processor/avr/sys_jmptable.S **** jmp ker_i2c_read_data       ; 42
  52:/Users/Administrator/sos-2x/processor/avr/sys_jmptable.S **** jmp post_longer             ; 43
  53:/Users/Administrator/sos-2x/processor/avr/sys_jmptable.S **** jmp ker_sys_sensor_start_sampling		; 44
GAS LISTING /var/tmp//ccFgGHiw.s 			page 2


  54:/Users/Administrator/sos-2x/processor/avr/sys_jmptable.S **** jmp ker_sys_sensor_stop_sampling		; 45
  55:/Users/Administrator/sos-2x/processor/avr/sys_jmptable.S **** jmp ker_sys_sensor_driver_register		; 46
  56:/Users/Administrator/sos-2x/processor/avr/sys_jmptable.S **** jmp ker_sys_sensor_driver_deregister	; 47
  57:/Users/Administrator/sos-2x/processor/avr/sys_jmptable.S **** jmp 0	; jmp ker_sys_adc_bind_channel	; 48
  58:/Users/Administrator/sos-2x/processor/avr/sys_jmptable.S **** jmp 0	; jmp ker_sys_adc_unbind_channel; 49
  59:/Users/Administrator/sos-2x/processor/avr/sys_jmptable.S **** jmp 0	; jmp ker_adc_get_data			; 50
  60:/Users/Administrator/sos-2x/processor/avr/sys_jmptable.S **** jmp 0	; jmp ker_adc_stop_data			; 51
  61:/Users/Administrator/sos-2x/processor/avr/sys_jmptable.S **** jmp 0	; jmp ker_sys_register_isr		; 52 // For interrupt controller in msp430
  62:/Users/Administrator/sos-2x/processor/avr/sys_jmptable.S **** jmp 0	; jmp ker_sys_deregister_isr	; 53	
  63:/Users/Administrator/sos-2x/processor/avr/sys_jmptable.S **** jmp ker_sensor_control                  ; 54
  64:/Users/Administrator/sos-2x/processor/avr/sys_jmptable.S **** jmp 0                      				; 55
GAS LISTING /var/tmp//ccFgGHiw.s 			page 3


DEFINED SYMBOLS
                            *ABS*:00000000 /Users/Administrator/sos-2x/processor/avr/sys_jmptable.S
                            *ABS*:00000000 <command line>
                            *ABS*:00000000 <built-in>
                            *ABS*:00000000 /Users/Administrator/sos-2x/processor/avr/sys_jmptable.S
/Users/Administrator/sos-2x/processor/avr/sys_jmptable.S:4      .sos_sysjmptbl:00000000 sos_sysjmptbl

UNDEFINED SYMBOLS
ker_sys_fnptr_call
ker_sys_malloc
ker_sys_realloc
ker_sys_free
ker_sys_msg_take_data
ker_sys_timer_start
ker_sys_timer_restart
ker_sys_timer_stop
ker_sys_post
ker_sys_post_link
ker_sys_post_value
ker_hw_type
ker_id
ker_rand
ker_systime32
ker_sensor_get_data
ker_led
ker_sys_get_module_state
ker_sys_fntable_subscribe
ker_sys_change_own
ker_sys_codemem_read
ker_sys_shm_open
ker_sys_shm_update
ker_sys_shm_close
ker_sys_shm_get
ker_sys_shm_wait
ker_sys_shm_stopwait
ker_get_current_pid
ker_get_caller_pid
ker_sys_routing_register
ker_adc_proc_bindPort
ker_adc_proc_unbindPort
ker_adc_proc_getData
ker_sensor_register
ker_sensor_deregister
ker_sensor_data_ready
ker_sensor_enable
ker_sensor_disable
ker_i2c_reserve_bus
ker_i2c_release_bus
ker_i2c_send_data
ker_i2c_read_data
post_longer
ker_sys_sensor_start_sampling
ker_sys_sensor_stop_sampling
ker_sys_sensor_driver_register
ker_sys_sensor_driver_deregister
ker_sensor_control
