
roombacomm.elf:     file format elf32-avr

Sections:
Idx Name          Size      VMA       LMA       File off  Algn
  0 .data         00000000  00800100  00000566  000005fa  2**0
                  CONTENTS, ALLOC, LOAD, DATA
  1 .nouse        00000026  00000540  00000540  000005d4  2**0
                  CONTENTS, ALLOC, LOAD, READONLY, CODE
  2 .text         00000540  00000000  00000000  00000094  2**0
                  CONTENTS, ALLOC, LOAD, READONLY, CODE
  3 .bss          00000000  00800100  00000566  000005fa  2**0
                  ALLOC
  4 .noinit       00000000  00800100  00800100  000005fa  2**0
                  CONTENTS
  5 .eeprom       00000000  00810000  00810000  000005fa  2**0
                  CONTENTS
Disassembly of section .text:

00000000 <mod_header>:
   0:	81 0e 01 00 00 00 01 02 81 00 00 00 2f 00 80 00     ............/...
  10:	63 76 76 30 81 01 9a 00 63 76 76 30 81 02 b4 00     cvv0....cvv0....
  20:	63 76 76 30 81 03 bf 00 63 76 76 30 81 04 36 01     cvv0....cvv0..6.
  30:	63 63 76 31 81 05 57 01 63 63 76 31 81 06 ce 01     ccv1..W.ccv1....
  40:	63 63 76 31 81 07 ef 01 63 63 76 31 81 08 ad 01     ccv1....ccv1....
  50:	63 63 76 31 81 09 25 02 63 63 76 31 81 0a           ccv1..%.ccv1..

0000005e <roombacomm_MsgHandler>:
  5e:	cf 93       	push	r28
  60:	df 93       	push	r29
  62:	fc 01       	movw	r30, r24
  64:	eb 01       	movw	r28, r22
  66:	8e 81       	ldd	r24, Y+6	; 0x06
  68:	99 27       	eor	r25, r25
  6a:	82 30       	cpi	r24, 0x02	; 2
  6c:	91 05       	cpc	r25, r1
  6e:	c1 f0       	breq	.+48     	; 0xa0
  70:	83 30       	cpi	r24, 0x03	; 3
  72:	91 05       	cpc	r25, r1
  74:	1c f4       	brge	.+6      	; 0x7c
  76:	89 2b       	or	r24, r25
  78:	41 f0       	breq	.+16     	; 0x8a
  7a:	1a c0       	rjmp	.+52     	; 0xb0
  7c:	86 30       	cpi	r24, 0x06	; 6
  7e:	91 05       	cpc	r25, r1
  80:	d1 f0       	breq	.+52     	; 0xb6
  82:	82 34       	cpi	r24, 0x42	; 66
  84:	91 05       	cpc	r25, r1
  86:	89 f0       	breq	.+34     	; 0xaa
  88:	13 c0       	rjmp	.+38     	; 0xb0
  8a:	ea ea       	ldi	r30, 0xAA	; 170
  8c:	f1 e0       	ldi	r31, 0x01	; 1
  8e:	25 91       	lpm	r18, Z+
  90:	34 91       	lpm	r19, Z
  92:	88 e0       	ldi	r24, 0x08	; 8
  94:	f9 01       	movw	r30, r18
  96:	09 95       	icall
  98:	88 81       	ld	r24, Y
  9a:	0e 94 60 00 	call	0xc0
  9e:	0b c0       	rjmp	.+22     	; 0xb6
  a0:	04 84       	ldd	r0, Z+12	; 0x0c
  a2:	f5 85       	ldd	r31, Z+13	; 0x0d
  a4:	e0 2d       	mov	r30, r0
  a6:	09 95       	icall
  a8:	06 c0       	rjmp	.+12     	; 0xb6
  aa:	0e 94 31 01 	call	0x262
  ae:	03 c0       	rjmp	.+6      	; 0xb6
  b0:	8a ee       	ldi	r24, 0xEA	; 234
  b2:	9f ef       	ldi	r25, 0xFF	; 255
  b4:	02 c0       	rjmp	.+4      	; 0xba
  b6:	80 e0       	ldi	r24, 0x00	; 0
  b8:	90 e0       	ldi	r25, 0x00	; 0
  ba:	df 91       	pop	r29
  bc:	cf 91       	pop	r28
  be:	08 95       	ret

000000c0 <roombacomm_Init>:
  c0:	cf 93       	push	r28
  c2:	c8 2f       	mov	r28, r24
  c4:	0e 94 68 00 	call	0xd0
  c8:	fc 01       	movw	r30, r24
  ca:	dc 01       	movw	r26, r24
  cc:	14 96       	adiw	r26, 0x04	; 4
  ce:	84 e0       	ldi	r24, 0x04	; 4
  d0:	90 e0       	ldi	r25, 0x00	; 0
  d2:	1d 92       	st	X+, r1
  d4:	01 97       	sbiw	r24, 0x01	; 1
  d6:	97 ff       	sbrs	r25, 7
  d8:	fc cf       	rjmp	.-8      	; 0xd2
  da:	11 86       	std	Z+9, r1	; 0x09
  dc:	c2 83       	std	Z+2, r28	; 0x02
  de:	80 e0       	ldi	r24, 0x00	; 0
  e0:	91 e0       	ldi	r25, 0x01	; 1
  e2:	80 83       	st	Z, r24
  e4:	91 83       	std	Z+1, r25	; 0x01
  e6:	ee e9       	ldi	r30, 0x9E	; 158
  e8:	f1 e0       	ldi	r31, 0x01	; 1
  ea:	25 91       	lpm	r18, Z+
  ec:	34 91       	lpm	r19, Z
  ee:	60 e4       	ldi	r22, 0x40	; 64
  f0:	8c 2f       	mov	r24, r28
  f2:	f9 01       	movw	r30, r18
  f4:	09 95       	icall
  f6:	99 27       	eor	r25, r25
  f8:	87 fd       	sbrc	r24, 7
  fa:	90 95       	com	r25
  fc:	cf 91       	pop	r28
  fe:	08 95       	ret

00000100 <roombacomm_Start>:
 100:	0e 94 68 00 	call	0xd0
 104:	fc 01       	movw	r30, r24
 106:	81 85       	ldd	r24, Z+9	; 0x09
 108:	88 23       	and	r24, r24
 10a:	51 f0       	breq	.+20     	; 0x120
 10c:	ea ea       	ldi	r30, 0xAA	; 170
 10e:	f1 e0       	ldi	r31, 0x01	; 1
 110:	25 91       	lpm	r18, Z+
 112:	34 91       	lpm	r19, Z
 114:	87 e0       	ldi	r24, 0x07	; 7
 116:	f9 01       	movw	r30, r18
 118:	09 95       	icall
 11a:	80 ef       	ldi	r24, 0xF0	; 240
 11c:	9f ef       	ldi	r25, 0xFF	; 255
 11e:	08 95       	ret
 120:	80 e8       	ldi	r24, 0x80	; 128
 122:	84 83       	std	Z+4, r24	; 0x04
 124:	81 e0       	ldi	r24, 0x01	; 1
 126:	81 87       	std	Z+9, r24	; 0x09
 128:	0e 94 09 01 	call	0x212
 12c:	99 27       	eor	r25, r25
 12e:	87 fd       	sbrc	r24, 7
 130:	90 95       	com	r25
 132:	08 95       	ret

00000134 <roombacomm_Control>:
 134:	0e 94 68 00 	call	0xd0
 138:	fc 01       	movw	r30, r24
 13a:	81 85       	ldd	r24, Z+9	; 0x09
 13c:	88 23       	and	r24, r24
 13e:	51 f0       	breq	.+20     	; 0x154
 140:	ea ea       	ldi	r30, 0xAA	; 170
 142:	f1 e0       	ldi	r31, 0x01	; 1
 144:	25 91       	lpm	r18, Z+
 146:	34 91       	lpm	r19, Z
 148:	87 e0       	ldi	r24, 0x07	; 7
 14a:	f9 01       	movw	r30, r18
 14c:	09 95       	icall
 14e:	80 ef       	ldi	r24, 0xF0	; 240
 150:	9f ef       	ldi	r25, 0xFF	; 255
 152:	08 95       	ret
 154:	82 e8       	ldi	r24, 0x82	; 130
 156:	84 83       	std	Z+4, r24	; 0x04
 158:	81 e0       	ldi	r24, 0x01	; 1
 15a:	81 87       	std	Z+9, r24	; 0x09
 15c:	0e 94 09 01 	call	0x212
 160:	99 27       	eor	r25, r25
 162:	87 fd       	sbrc	r24, 7
 164:	90 95       	com	r25
 166:	08 95       	ret

00000168 <roombacomm_Stop>:
 168:	0e 94 68 00 	call	0xd0
 16c:	60 e0       	ldi	r22, 0x00	; 0
 16e:	70 e0       	ldi	r23, 0x00	; 0
 170:	cb 01       	movw	r24, r22
 172:	0e 94 d9 00 	call	0x1b2
 176:	99 27       	eor	r25, r25
 178:	87 fd       	sbrc	r24, 7
 17a:	90 95       	com	r25
 17c:	08 95       	ret

0000017e <roombacomm_Reset>:
 17e:	0e 94 68 00 	call	0xd0
 182:	80 e0       	ldi	r24, 0x00	; 0
 184:	90 e0       	ldi	r25, 0x00	; 0
 186:	0e 94 b4 00 	call	0x168
 18a:	88 23       	and	r24, r24
 18c:	31 f4       	brne	.+12     	; 0x19a
 18e:	80 e0       	ldi	r24, 0x00	; 0
 190:	90 e0       	ldi	r25, 0x00	; 0
 192:	0e 94 80 00 	call	0x100
 196:	88 23       	and	r24, r24
 198:	21 f0       	breq	.+8      	; 0x1a2
 19a:	99 27       	eor	r25, r25
 19c:	87 fd       	sbrc	r24, 7
 19e:	90 95       	com	r25
 1a0:	08 95       	ret
 1a2:	80 e0       	ldi	r24, 0x00	; 0
 1a4:	90 e0       	ldi	r25, 0x00	; 0
 1a6:	0e 94 9a 00 	call	0x134
 1aa:	99 27       	eor	r25, r25
 1ac:	87 fd       	sbrc	r24, 7
 1ae:	90 95       	com	r25
 1b0:	08 95       	ret

000001b2 <roombacomm_Drive>:
 1b2:	0f 93       	push	r16
 1b4:	1f 93       	push	r17
 1b6:	cf 93       	push	r28
 1b8:	df 93       	push	r29
 1ba:	ec 01       	movw	r28, r24
 1bc:	8b 01       	movw	r16, r22
 1be:	0e 94 68 00 	call	0xd0
 1c2:	fc 01       	movw	r30, r24
 1c4:	81 85       	ldd	r24, Z+9	; 0x09
 1c6:	88 23       	and	r24, r24
 1c8:	51 f0       	breq	.+20     	; 0x1de
 1ca:	ea ea       	ldi	r30, 0xAA	; 170
 1cc:	f1 e0       	ldi	r31, 0x01	; 1
 1ce:	25 91       	lpm	r18, Z+
 1d0:	34 91       	lpm	r19, Z
 1d2:	87 e0       	ldi	r24, 0x07	; 7
 1d4:	f9 01       	movw	r30, r18
 1d6:	09 95       	icall
 1d8:	80 ef       	ldi	r24, 0xF0	; 240
 1da:	9f ef       	ldi	r25, 0xFF	; 255
 1dc:	15 c0       	rjmp	.+42     	; 0x208
 1de:	89 e8       	ldi	r24, 0x89	; 137
 1e0:	84 83       	std	Z+4, r24	; 0x04
 1e2:	8d 2f       	mov	r24, r29
 1e4:	99 27       	eor	r25, r25
 1e6:	87 fd       	sbrc	r24, 7
 1e8:	9a 95       	dec	r25
 1ea:	85 83       	std	Z+5, r24	; 0x05
 1ec:	c6 83       	std	Z+6, r28	; 0x06
 1ee:	81 2f       	mov	r24, r17
 1f0:	99 27       	eor	r25, r25
 1f2:	87 fd       	sbrc	r24, 7
 1f4:	9a 95       	dec	r25
 1f6:	87 83       	std	Z+7, r24	; 0x07
 1f8:	00 87       	std	Z+8, r16	; 0x08
 1fa:	85 e0       	ldi	r24, 0x05	; 5
 1fc:	81 87       	std	Z+9, r24	; 0x09
 1fe:	0e 94 09 01 	call	0x212
 202:	99 27       	eor	r25, r25
 204:	87 fd       	sbrc	r24, 7
 206:	90 95       	com	r25
 208:	df 91       	pop	r29
 20a:	cf 91       	pop	r28
 20c:	1f 91       	pop	r17
 20e:	0f 91       	pop	r16
 210:	08 95       	ret

00000212 <roombacomm_Send>:
 212:	cf 93       	push	r28
 214:	df 93       	push	r29
 216:	0e 94 68 00 	call	0xd0
 21a:	ec 01       	movw	r28, r24
 21c:	ee e9       	ldi	r30, 0x9E	; 158
 21e:	f1 e0       	ldi	r31, 0x01	; 1
 220:	25 91       	lpm	r18, Z+
 222:	34 91       	lpm	r19, Z
 224:	60 e4       	ldi	r22, 0x40	; 64
 226:	8a 81       	ldd	r24, Y+2	; 0x02
 228:	f9 01       	movw	r30, r18
 22a:	09 95       	icall
 22c:	99 27       	eor	r25, r25
 22e:	87 fd       	sbrc	r24, 7
 230:	90 95       	com	r25
 232:	88 23       	and	r24, r24
 234:	21 f0       	breq	.+8      	; 0x23e
 236:	99 27       	eor	r25, r25
 238:	87 fd       	sbrc	r24, 7
 23a:	90 95       	com	r25
 23c:	0f c0       	rjmp	.+30     	; 0x25c
 23e:	99 85       	ldd	r25, Y+9	; 0x09
 240:	8a 81       	ldd	r24, Y+2	; 0x02
 242:	e2 ea       	ldi	r30, 0xA2	; 162
 244:	f1 e0       	ldi	r31, 0x01	; 1
 246:	25 91       	lpm	r18, Z+
 248:	34 91       	lpm	r19, Z
 24a:	48 2f       	mov	r20, r24
 24c:	69 2f       	mov	r22, r25
 24e:	ce 01       	movw	r24, r28
 250:	04 96       	adiw	r24, 0x04	; 4
 252:	f9 01       	movw	r30, r18
 254:	09 95       	icall
 256:	99 27       	eor	r25, r25
 258:	87 fd       	sbrc	r24, 7
 25a:	90 95       	com	r25
 25c:	df 91       	pop	r29
 25e:	cf 91       	pop	r28
 260:	08 95       	ret

00000262 <roombacomm_ResetBuf>:
 262:	0e 94 68 00 	call	0xd0
 266:	fc 01       	movw	r30, r24
 268:	11 86       	std	Z+9, r1	; 0x09
 26a:	08 95       	ret

0000026c <roombacomm_GoStraightAt>:
 26c:	cf 93       	push	r28
 26e:	df 93       	push	r29
 270:	eb 01       	movw	r28, r22
 272:	0e 94 68 00 	call	0xd0
 276:	fc 01       	movw	r30, r24
 278:	ce 01       	movw	r24, r28
 27a:	21 e0       	ldi	r18, 0x01	; 1
 27c:	c5 3f       	cpi	r28, 0xF5	; 245
 27e:	d2 07       	cpc	r29, r18
 280:	14 f0       	brlt	.+4      	; 0x286
 282:	84 ef       	ldi	r24, 0xF4	; 244
 284:	91 e0       	ldi	r25, 0x01	; 1
 286:	80 83       	st	Z, r24
 288:	91 83       	std	Z+1, r25	; 0x01
 28a:	ce 01       	movw	r24, r28
 28c:	cc 50       	subi	r28, 0x0C	; 12
 28e:	de 4f       	sbci	r29, 0xFE	; 254
 290:	14 f4       	brge	.+4      	; 0x296
 292:	8c e0       	ldi	r24, 0x0C	; 12
 294:	9e ef       	ldi	r25, 0xFE	; 254
 296:	80 83       	st	Z, r24
 298:	91 83       	std	Z+1, r25	; 0x01
 29a:	60 e0       	ldi	r22, 0x00	; 0
 29c:	70 e8       	ldi	r23, 0x80	; 128
 29e:	0e 94 d9 00 	call	0x1b2
 2a2:	99 27       	eor	r25, r25
 2a4:	87 fd       	sbrc	r24, 7
 2a6:	90 95       	com	r25
 2a8:	df 91       	pop	r29
 2aa:	cf 91       	pop	r28
 2ac:	08 95       	ret

000002ae <roombacomm_GoStraightFor>:
 2ae:	0f 93       	push	r16
 2b0:	1f 93       	push	r17
 2b2:	8b 01       	movw	r16, r22
 2b4:	0e 94 68 00 	call	0xd0
 2b8:	fc 01       	movw	r30, r24
 2ba:	03 87       	std	Z+11, r16	; 0x0b
 2bc:	80 e0       	ldi	r24, 0x00	; 0
 2be:	90 e0       	ldi	r25, 0x00	; 0
 2c0:	0e 94 68 01 	call	0x2d0
 2c4:	99 27       	eor	r25, r25
 2c6:	87 fd       	sbrc	r24, 7
 2c8:	90 95       	com	r25
 2ca:	1f 91       	pop	r17
 2cc:	0f 91       	pop	r16
 2ce:	08 95       	ret

000002d0 <roombacomm_GoStraightSegment>:
 2d0:	cf 93       	push	r28
 2d2:	df 93       	push	r29
 2d4:	0e 94 68 00 	call	0xd0
 2d8:	ec 01       	movw	r28, r24
 2da:	2a 85       	ldd	r18, Y+10	; 0x0a
 2dc:	80 e0       	ldi	r24, 0x00	; 0
 2de:	90 e8       	ldi	r25, 0x80	; 128
 2e0:	82 1b       	sub	r24, r18
 2e2:	91 09       	sbc	r25, r1
 2e4:	bc 01       	movw	r22, r24
 2e6:	88 81       	ld	r24, Y
 2e8:	99 81       	ldd	r25, Y+1	; 0x01
 2ea:	0e 94 d9 00 	call	0x1b2
 2ee:	38 2f       	mov	r19, r24
 2f0:	88 23       	and	r24, r24
 2f2:	61 f5       	brne	.+88     	; 0x34c
 2f4:	9a 85       	ldd	r25, Y+10	; 0x0a
 2f6:	81 e0       	ldi	r24, 0x01	; 1
 2f8:	89 1b       	sub	r24, r25
 2fa:	8a 87       	std	Y+10, r24	; 0x0a
 2fc:	2b 85       	ldd	r18, Y+11	; 0x0b
 2fe:	68 81       	ld	r22, Y
 300:	79 81       	ldd	r23, Y+1	; 0x01
 302:	2a 31       	cpi	r18, 0x1A	; 26
 304:	78 f0       	brcs	.+30     	; 0x324
 306:	80 e0       	ldi	r24, 0x00	; 0
 308:	94 e6       	ldi	r25, 0x64	; 100
 30a:	0e 94 79 02 	call	0x4f2
 30e:	cb 01       	movw	r24, r22
 310:	77 ff       	sbrs	r23, 7
 312:	03 c0       	rjmp	.+6      	; 0x31a
 314:	90 95       	com	r25
 316:	81 95       	neg	r24
 318:	9f 4f       	sbci	r25, 0xFF	; 255
 31a:	29 51       	subi	r18, 0x19	; 25
 31c:	2b 87       	std	Y+11, r18	; 0x0b
 31e:	68 e6       	ldi	r22, 0x68	; 104
 320:	71 e0       	ldi	r23, 0x01	; 1
 322:	11 c0       	rjmp	.+34     	; 0x346
 324:	82 2f       	mov	r24, r18
 326:	99 27       	eor	r25, r25
 328:	98 2f       	mov	r25, r24
 32a:	88 27       	eor	r24, r24
 32c:	99 0f       	add	r25, r25
 32e:	99 0f       	add	r25, r25
 330:	0e 94 79 02 	call	0x4f2
 334:	cb 01       	movw	r24, r22
 336:	77 ff       	sbrs	r23, 7
 338:	03 c0       	rjmp	.+6      	; 0x340
 33a:	90 95       	com	r25
 33c:	81 95       	neg	r24
 33e:	9f 4f       	sbci	r25, 0xFF	; 255
 340:	3b 87       	std	Y+11, r19	; 0x0b
 342:	64 eb       	ldi	r22, 0xB4	; 180
 344:	70 e0       	ldi	r23, 0x00	; 0
 346:	0e 94 5b 02 	call	0x4b6
 34a:	38 2f       	mov	r19, r24
 34c:	83 2f       	mov	r24, r19
 34e:	99 27       	eor	r25, r25
 350:	87 fd       	sbrc	r24, 7
 352:	90 95       	com	r25
 354:	df 91       	pop	r29
 356:	cf 91       	pop	r28
 358:	08 95       	ret

0000035a <roombacomm_SpinRightAt>:
 35a:	cf 93       	push	r28
 35c:	df 93       	push	r29
 35e:	eb 01       	movw	r28, r22
 360:	0e 94 68 00 	call	0xd0
 364:	fc 01       	movw	r30, r24
 366:	ce 01       	movw	r24, r28
 368:	21 e0       	ldi	r18, 0x01	; 1
 36a:	c5 3f       	cpi	r28, 0xF5	; 245
 36c:	d2 07       	cpc	r29, r18
 36e:	14 f0       	brlt	.+4      	; 0x374
 370:	84 ef       	ldi	r24, 0xF4	; 244
 372:	91 e0       	ldi	r25, 0x01	; 1
 374:	80 83       	st	Z, r24
 376:	91 83       	std	Z+1, r25	; 0x01
 378:	ce 01       	movw	r24, r28
 37a:	cc 50       	subi	r28, 0x0C	; 12
 37c:	de 4f       	sbci	r29, 0xFE	; 254
 37e:	14 f4       	brge	.+4      	; 0x384
 380:	8c e0       	ldi	r24, 0x0C	; 12
 382:	9e ef       	ldi	r25, 0xFE	; 254
 384:	80 83       	st	Z, r24
 386:	91 83       	std	Z+1, r25	; 0x01
 388:	6f ef       	ldi	r22, 0xFF	; 255
 38a:	7f ef       	ldi	r23, 0xFF	; 255
 38c:	0e 94 d9 00 	call	0x1b2
 390:	99 27       	eor	r25, r25
 392:	87 fd       	sbrc	r24, 7
 394:	90 95       	com	r25
 396:	df 91       	pop	r29
 398:	cf 91       	pop	r28
 39a:	08 95       	ret

0000039c <roombacomm_SpinLeftAt>:
 39c:	cf 93       	push	r28
 39e:	df 93       	push	r29
 3a0:	eb 01       	movw	r28, r22
 3a2:	0e 94 68 00 	call	0xd0
 3a6:	fc 01       	movw	r30, r24
 3a8:	ce 01       	movw	r24, r28
 3aa:	21 e0       	ldi	r18, 0x01	; 1
 3ac:	c5 3f       	cpi	r28, 0xF5	; 245
 3ae:	d2 07       	cpc	r29, r18
 3b0:	14 f0       	brlt	.+4      	; 0x3b6
 3b2:	84 ef       	ldi	r24, 0xF4	; 244
 3b4:	91 e0       	ldi	r25, 0x01	; 1
 3b6:	80 83       	st	Z, r24
 3b8:	91 83       	std	Z+1, r25	; 0x01
 3ba:	ce 01       	movw	r24, r28
 3bc:	cc 50       	subi	r28, 0x0C	; 12
 3be:	de 4f       	sbci	r29, 0xFE	; 254
 3c0:	14 f4       	brge	.+4      	; 0x3c6
 3c2:	8c e0       	ldi	r24, 0x0C	; 12
 3c4:	9e ef       	ldi	r25, 0xFE	; 254
 3c6:	80 83       	st	Z, r24
 3c8:	91 83       	std	Z+1, r25	; 0x01
 3ca:	61 e0       	ldi	r22, 0x01	; 1
 3cc:	70 e0       	ldi	r23, 0x00	; 0
 3ce:	0e 94 d9 00 	call	0x1b2
 3d2:	99 27       	eor	r25, r25
 3d4:	87 fd       	sbrc	r24, 7
 3d6:	90 95       	com	r25
 3d8:	df 91       	pop	r29
 3da:	cf 91       	pop	r28
 3dc:	08 95       	ret

000003de <roombacomm_SpinLeftFor>:
 3de:	0f 93       	push	r16
 3e0:	1f 93       	push	r17
 3e2:	cf 93       	push	r28
 3e4:	df 93       	push	r29
 3e6:	8b 01       	movw	r16, r22
 3e8:	0e 94 68 00 	call	0xd0
 3ec:	ec 01       	movw	r28, r24
 3ee:	68 81       	ld	r22, Y
 3f0:	79 81       	ldd	r23, Y+1	; 0x01
 3f2:	80 e0       	ldi	r24, 0x00	; 0
 3f4:	90 e0       	ldi	r25, 0x00	; 0
 3f6:	0e 94 ce 01 	call	0x39c
 3fa:	88 23       	and	r24, r24
 3fc:	f1 f4       	brne	.+60     	; 0x43a
 3fe:	17 ff       	sbrs	r17, 7
 400:	03 c0       	rjmp	.+6      	; 0x408
 402:	80 e0       	ldi	r24, 0x00	; 0
 404:	90 e0       	ldi	r25, 0x00	; 0
 406:	1c c0       	rjmp	.+56     	; 0x440
 408:	28 81       	ld	r18, Y
 40a:	39 81       	ldd	r19, Y+1	; 0x01
 40c:	80 e0       	ldi	r24, 0x00	; 0
 40e:	98 e4       	ldi	r25, 0x48	; 72
 410:	08 9f       	mul	r16, r24
 412:	a0 01       	movw	r20, r0
 414:	09 9f       	mul	r16, r25
 416:	50 0d       	add	r21, r0
 418:	18 9f       	mul	r17, r24
 41a:	50 0d       	add	r21, r0
 41c:	11 24       	eor	r1, r1
 41e:	ca 01       	movw	r24, r20
 420:	b9 01       	movw	r22, r18
 422:	0e 94 79 02 	call	0x4f2
 426:	cb 01       	movw	r24, r22
 428:	77 ff       	sbrs	r23, 7
 42a:	03 c0       	rjmp	.+6      	; 0x432
 42c:	90 95       	com	r25
 42e:	81 95       	neg	r24
 430:	9f 4f       	sbci	r25, 0xFF	; 255
 432:	64 eb       	ldi	r22, 0xB4	; 180
 434:	70 e0       	ldi	r23, 0x00	; 0
 436:	0e 94 5b 02 	call	0x4b6
 43a:	99 27       	eor	r25, r25
 43c:	87 fd       	sbrc	r24, 7
 43e:	90 95       	com	r25
 440:	df 91       	pop	r29
 442:	cf 91       	pop	r28
 444:	1f 91       	pop	r17
 446:	0f 91       	pop	r16
 448:	08 95       	ret

0000044a <roombacomm_SpinRightFor>:
 44a:	0f 93       	push	r16
 44c:	1f 93       	push	r17
 44e:	cf 93       	push	r28
 450:	df 93       	push	r29
 452:	8b 01       	movw	r16, r22
 454:	0e 94 68 00 	call	0xd0
 458:	ec 01       	movw	r28, r24
 45a:	68 81       	ld	r22, Y
 45c:	79 81       	ldd	r23, Y+1	; 0x01
 45e:	80 e0       	ldi	r24, 0x00	; 0
 460:	90 e0       	ldi	r25, 0x00	; 0
 462:	0e 94 ad 01 	call	0x35a
 466:	88 23       	and	r24, r24
 468:	f1 f4       	brne	.+60     	; 0x4a6
 46a:	17 ff       	sbrs	r17, 7
 46c:	03 c0       	rjmp	.+6      	; 0x474
 46e:	80 e0       	ldi	r24, 0x00	; 0
 470:	90 e0       	ldi	r25, 0x00	; 0
 472:	1c c0       	rjmp	.+56     	; 0x4ac
 474:	28 81       	ld	r18, Y
 476:	39 81       	ldd	r19, Y+1	; 0x01
 478:	80 e0       	ldi	r24, 0x00	; 0
 47a:	98 e4       	ldi	r25, 0x48	; 72
 47c:	08 9f       	mul	r16, r24
 47e:	a0 01       	movw	r20, r0
 480:	09 9f       	mul	r16, r25
 482:	50 0d       	add	r21, r0
 484:	18 9f       	mul	r17, r24
 486:	50 0d       	add	r21, r0
 488:	11 24       	eor	r1, r1
 48a:	ca 01       	movw	r24, r20
 48c:	b9 01       	movw	r22, r18
 48e:	0e 94 79 02 	call	0x4f2
 492:	cb 01       	movw	r24, r22
 494:	77 ff       	sbrs	r23, 7
 496:	03 c0       	rjmp	.+6      	; 0x49e
 498:	90 95       	com	r25
 49a:	81 95       	neg	r24
 49c:	9f 4f       	sbci	r25, 0xFF	; 255
 49e:	64 eb       	ldi	r22, 0xB4	; 180
 4a0:	70 e0       	ldi	r23, 0x00	; 0
 4a2:	0e 94 5b 02 	call	0x4b6
 4a6:	99 27       	eor	r25, r25
 4a8:	87 fd       	sbrc	r24, 7
 4aa:	90 95       	com	r25
 4ac:	df 91       	pop	r29
 4ae:	cf 91       	pop	r28
 4b0:	1f 91       	pop	r17
 4b2:	0f 91       	pop	r16
 4b4:	08 95       	ret

000004b6 <roombacomm_Pause>:
 4b6:	ef 92       	push	r14
 4b8:	ff 92       	push	r15
 4ba:	0f 93       	push	r16
 4bc:	1f 93       	push	r17
 4be:	7c 01       	movw	r14, r24
 4c0:	8b 01       	movw	r16, r22
 4c2:	0e 94 68 00 	call	0xd0
 4c6:	fc 01       	movw	r30, r24
 4c8:	04 87       	std	Z+12, r16	; 0x0c
 4ca:	15 87       	std	Z+13, r17	; 0x0d
 4cc:	c7 01       	movw	r24, r14
 4ce:	aa 27       	eor	r26, r26
 4d0:	97 fd       	sbrc	r25, 7
 4d2:	a0 95       	com	r26
 4d4:	ba 2f       	mov	r27, r26
 4d6:	21 e0       	ldi	r18, 0x01	; 1
 4d8:	ac 01       	movw	r20, r24
 4da:	bd 01       	movw	r22, r26
 4dc:	80 e0       	ldi	r24, 0x00	; 0
 4de:	0e 94 50 00 	call	0xa0
 4e2:	99 27       	eor	r25, r25
 4e4:	87 fd       	sbrc	r24, 7
 4e6:	90 95       	com	r25
 4e8:	1f 91       	pop	r17
 4ea:	0f 91       	pop	r16
 4ec:	ff 90       	pop	r15
 4ee:	ef 90       	pop	r14
 4f0:	08 95       	ret

000004f2 <__divmodhi4>:
 4f2:	97 fb       	bst	r25, 7
 4f4:	09 2e       	mov	r0, r25
 4f6:	07 26       	eor	r0, r23
 4f8:	0a d0       	rcall	.+20     	; 0x50e
 4fa:	77 fd       	sbrc	r23, 7
 4fc:	04 d0       	rcall	.+8      	; 0x506
 4fe:	0c d0       	rcall	.+24     	; 0x518
 500:	06 d0       	rcall	.+12     	; 0x50e
 502:	00 20       	and	r0, r0
 504:	1a f4       	brpl	.+6      	; 0x50c

00000506 <__divmodhi4_neg2>:
 506:	70 95       	com	r23
 508:	61 95       	neg	r22
 50a:	7f 4f       	sbci	r23, 0xFF	; 255

0000050c <__divmodhi4_exit>:
 50c:	08 95       	ret

0000050e <__divmodhi4_neg1>:
 50e:	f6 f7       	brtc	.-4      	; 0x50c
 510:	90 95       	com	r25
 512:	81 95       	neg	r24
 514:	9f 4f       	sbci	r25, 0xFF	; 255
 516:	08 95       	ret

00000518 <__udivmodhi4>:
 518:	aa 1b       	sub	r26, r26
 51a:	bb 1b       	sub	r27, r27
 51c:	51 e1       	ldi	r21, 0x11	; 17
 51e:	07 c0       	rjmp	.+14     	; 0x52e

00000520 <__udivmodhi4_loop>:
 520:	aa 1f       	adc	r26, r26
 522:	bb 1f       	adc	r27, r27
 524:	a6 17       	cp	r26, r22
 526:	b7 07       	cpc	r27, r23
 528:	10 f0       	brcs	.+4      	; 0x52e
 52a:	a6 1b       	sub	r26, r22
 52c:	b7 0b       	sbc	r27, r23

0000052e <__udivmodhi4_ep>:
 52e:	88 1f       	adc	r24, r24
 530:	99 1f       	adc	r25, r25
 532:	5a 95       	dec	r21
 534:	a9 f7       	brne	.-22     	; 0x520
 536:	80 95       	com	r24
 538:	90 95       	com	r25
 53a:	bc 01       	movw	r22, r24
 53c:	cd 01       	movw	r24, r26
 53e:	08 95       	ret
